[8992:11308:0920/103735.490:WARNING:chrome_main_delegate.cc(844)] This is Chrome version 128.0.2739.79 (not a warning)
[8992:11308:0920/103735.783:VERBOSE1:eac_policy_manager.cc(30)] EACPolicyManager::Create C:\WebView2\Debug\WebView2.exe.WebView2\EBWebView 1
[8992:11308:0920/103735.783:VERBOSE1:eac_policy_store.cc(135)] EACPolicyStore load from disk failed: no policy file exists at C:\WebView2\Debug\WebView2.exe.WebView2\EBWebView\Policy\Machine Policy
[8992:11308:0920/103735.783:VERBOSE1:eac_policy_store.cc(212)] EACPolicyStore policy loaded: result.status=EACPolicyLoadStatusForUma(1), scope=POLICY_SCOPE_MACHINE
[8992:11308:0920/103735.784:VERBOSE1:eac_policy_store.cc(221)] EACPolicyStore policy load failed: No policy found on disk, scope=POLICY_SCOPE_MACHINE
[8992:11308:0920/103735.784:VERBOSE1:eac_policy_manager.cc(61)] EACPolicyManager initializing, scope=POLICY_SCOPE_MACHINE 00006500000B1080
[8992:11308:0920/103735.784:VERBOSE1:eac_policy_manager.cc(141)] EACPolicyManager store loaded, scope=POLICY_SCOPE_MACHINE
[8992:11308:0920/103735.784:VERBOSE1:eac_policy_manager.cc(101)] EACPolicyManager publishing policies, scope=POLICY_SCOPE_MACHINE 00006500000B1080
[8992:11308:0920/103735.790:VERBOSE1:variations_field_trial_creator_base.cc(106)] VariationsSeedUsage:2
[8992:11308:0920/103735.790:VERBOSE1:variations_field_trial_creator_base.cc(479)] VariationsSetupComplete
[8992:11308:0920/103735.897:VERBOSE1:webrtc_event_log_manager.cc(97)] WebRTC remote-bound event logging enabled.
[8992:11308:0920/103735.903:VERBOSE1:pref_proxy_config_tracker_impl.cc(191)] 0000650400144300: set chrome proxy config service to 00006504001F0000
[8992:11308:0920/103735.921:VERBOSE1:device_event_log_impl.cc(242)] [10:37:35.921] Display: EVENT: screen_win.cc:1128 Displays updated, count: 1
[8992:11308:0920/103735.921:VERBOSE1:device_event_log_impl.cc(242)] [10:37:35.922] Display: EVENT: screen_win.cc:1130 Display[2528732444] bounds=[0,0 1536x960], workarea=[0,0 1536x920], scale=1, rotation=0, panel_rotation=0 external detected
[8992:15340:0920/103735.933:VERBOSE1:media_stream_manager.cc(1542)] MSM::InitializeMaybeAsync([this=00006504000BEC00])
[8992:15340:0920/103735.933:VERBOSE1:media_stream_manager.cc(1542)] MDM::MediaDevicesManager()
[8992:15340:0920/103735.933:VERBOSE1:media_stream_manager.cc(1542)] MSM::MediaStreamManager([this=00006504000BEC00]))
[8992:14352:0920/103735.959:WARNING:edge_storage_reserve.cc(141)] NtSetInformationFile (storage reserve) failed. NTSTATUS: -1073741790
[8992:11308:0920/103736.007:VERBOSE1:telemetry_service.cc(767)] NoConsent: Microsoft.WebBrowser.SystemInfo.Config [components\telemetry_client\telemetry_service.cc(242)]
[8992:736:0920/103736.010:VERBOSE1:chrome_browser_main.cc(1009)] EdgeTryInitWindowTabManager start
[8992:736:0920/103736.010:VERBOSE1:wtm_interface_factory.cc(63)] WTM is not used for WebView.
[8992:11308:0920/103736.013:VERBOSE1:chrome_browser_cloud_management_controller.cc(161)] Cloud management controller initialization aborted as CBCM is not enabled. Please use the `--enable-chrome-browser-cloud-management` command line flag to enable it if you are not using the official Google Chrome build.
[8992:11308:0920/103736.014:VERBOSE1:install_util.cc(280)] No existing install found.
[8992:11308:0920/103736.015:VERBOSE1:edge_share_features.cc(96)] IsEdgeShareEnhancedCopyPasteEnabled returning 1
[8992:11308:0920/103736.015:VERBOSE1:wam_account_manager.cc(651)] wam_default_account_token_fetcher::StartFetchingTokenForImplicitSignin: Calling API
[8992:11308:0920/103736.026:VERBOSE1:eac_policy_manager.cc(30)] EACPolicyManager::Create C:\WebView2\Debug\WebView2.exe.WebView2\EBWebView\Default 1
[8992:11308:0920/103736.026:VERBOSE1:eac_policy_store.cc(135)] EACPolicyStore load from disk failed: no policy file exists at C:\WebView2\Debug\WebView2.exe.WebView2\EBWebView\Default\Policy\User Policy
[8992:11308:0920/103736.026:VERBOSE1:eac_policy_store.cc(212)] EACPolicyStore policy loaded: result.status=EACPolicyLoadStatusForUma(1), scope=POLICY_SCOPE_USER
[8992:11308:0920/103736.026:VERBOSE1:eac_policy_store.cc(221)] EACPolicyStore policy load failed: No policy found on disk, scope=POLICY_SCOPE_USER
[8992:11308:0920/103736.026:VERBOSE1:eac_policy_manager.cc(61)] EACPolicyManager initializing, scope=POLICY_SCOPE_USER 000065040001B9E0
[8992:11308:0920/103736.026:VERBOSE1:eac_policy_manager.cc(141)] EACPolicyManager store loaded, scope=POLICY_SCOPE_USER
[8992:11308:0920/103736.027:VERBOSE1:eac_policy_manager.cc(101)] EACPolicyManager publishing policies, scope=POLICY_SCOPE_USER 000065040001B9E0
[8992:11308:0920/103736.042:VERBOSE1:edge_share_features.cc(37)] IsEdgeShareEnabled returning 1
[8992:11308:0920/103736.068:VERBOSE1:mutable_profile_oauth2_token_service_delegate.cc(329)] MutablePO2TS::MutablePO2TS
[8992:11308:0920/103736.068:VERBOSE1:pref_proxy_config_tracker_impl.cc(191)] 0000650400145200: set chrome proxy config service to 00006504001F1500
[8992:11308:0920/103736.071:VERBOSE1:pref_proxy_config_tracker_impl.cc(191)] 0000650400145500: set chrome proxy config service to 00006504001F2140
[8992:11308:0920/103736.071:VERBOSE1:edge_share_features.cc(96)] IsEdgeShareEnhancedCopyPasteEnabled returning 1
[8992:11308:0920/103736.071:VERBOSE1:edge_share_features.cc(96)] IsEdgeShareEnhancedCopyPasteEnabled returning 1
[8992:11308:0920/103736.071:VERBOSE1:device_event_log_impl.cc(242)] [10:37:36.072] Bluetooth: EVENT: bluetooth_api.cc:82 BluetoothAPI: 000065040011F2C0
[8992:11308:0920/103736.077:VERBOSE1:bluetooth_low_energy_event_router.cc(289)] Initializing BluetoothLowEnergyEventRouter.
[8992:11308:0920/103736.078:WARNING:activity_log_policy.cc(68)] Scheduling init
[8992:11308:0920/103736.078:WARNING:activity_log_policy.cc(68)] Scheduling init
[8992:11308:0920/103736.084:VERBOSE1:network_primary_browser_service.cc(839)] WatchCrossDevicePrimaryBrowserFromPreference(): attaching listener
[8992:11308:0920/103736.084:VERBOSE1:network_primary_browser_service.cc(874)] TryLogCrossDevicePrimaryBrowserFromPreference(): data not available
[8992:11308:0920/103736.085:VERBOSE1:extension_service.cc(1858)] AddComponentExtension Microsoft Edge PDF Viewer
[8992:11308:0920/103736.085:VERBOSE1:extension_service.cc(1860)] Component extension Microsoft Edge PDF Viewer (mhjfbmdgcfjbbpaeojofohoefgiehjai) installing/upgrading from '' to 1
[8992:11308:0920/103736.086:VERBOSE1:extension_service.cc(1858)] AddComponentExtension Microsoft Clipboard Extension
[8992:11308:0920/103736.086:VERBOSE1:extension_service.cc(1860)] Component extension Microsoft Clipboard Extension (dgiklkfkllikcanfonkcabmbdfmgleag) installing/upgrading from '' to 1.0
[8992:11308:0920/103736.088:VERBOSE1:account_reconcilor.cc(189)] AccountReconcilor::AccountReconcilor
[8992:11308:0920/103736.088:VERBOSE1:account_reconcilor.cc(227)] AccountReconcilor::Initialize
[8992:11308:0920/103736.089:VERBOSE1:sync_session_durations_metrics_recorder.cc(80)] Ready to track Session.TotalDuration metrics
[8992:11308:0920/103736.091:VERBOSE1:eac_user_policy_signin_service.cc(181)] EACUserPolicySigninService initializing on profile ready event
[8992:11308:0920/103736.091:VERBOSE1:eac_user_policy_signin_service.cc(221)] EACUserPolicySigninService shutting down EACPolicyManager
[8992:11308:0920/103736.091:VERBOSE1:eac_policy_manager.cc(156)] EACPolicyManager disconnecting client and clearing policy, scope=POLICY_SCOPE_USER
[8992:11308:0920/103736.091:VERBOSE1:eac_policy_store.cc(268)] EACPolicyStore clearing policy, scope=POLICY_SCOPE_USER
[8992:11308:0920/103736.091:VERBOSE1:eac_policy_manager.cc(141)] EACPolicyManager store loaded, scope=POLICY_SCOPE_USER
[8992:11308:0920/103736.091:VERBOSE1:eac_policy_manager.cc(101)] EACPolicyManager publishing policies, scope=POLICY_SCOPE_USER 000065040001B9E0
[8992:11308:0920/103736.091:VERBOSE1:eac_policy_manager.cc(101)] EACPolicyManager publishing policies, scope=POLICY_SCOPE_USER 000065040001B9E0
[8992:11308:0920/103736.091:VERBOSE1:eac_policy_manager.cc(156)] EACPolicyManager disconnecting client and clearing policy, scope=POLICY_SCOPE_MACHINE
[8992:11308:0920/103736.091:VERBOSE1:eac_policy_store.cc(268)] EACPolicyStore clearing policy, scope=POLICY_SCOPE_MACHINE
[8992:11308:0920/103736.091:VERBOSE1:eac_policy_manager.cc(141)] EACPolicyManager store loaded, scope=POLICY_SCOPE_MACHINE
[8992:11308:0920/103736.091:VERBOSE1:eac_policy_manager.cc(101)] EACPolicyManager publishing policies, scope=POLICY_SCOPE_MACHINE 00006500000B1080
[8992:11308:0920/103736.091:VERBOSE1:eac_policy_manager.cc(101)] EACPolicyManager publishing policies, scope=POLICY_SCOPE_MACHINE 00006500000B1080
[8992:11308:0920/103736.092:VERBOSE1:hyphenation_component_installer.cc(167)] Registering Hyphenation component.
[8992:11308:0920/103736.092:VERBOSE1:trust_token_key_commitments_component_installer.cc(30)] Registering Trust Token Key Commitments component.
[8992:3640:0920/103736.112:VERBOSE1:component_installer.cc(457)] StartRegistration for Edge AutoLaunch Protocols
[8992:3640:0920/103736.114:VERBOSE1:component_installer.cc(457)] StartRegistration for CRLSet
[8992:7072:0920/103736.120:VERBOSE1:component_installer.cc(457)] StartRegistration for Hyphenation
[8992:7072:0920/103736.121:VERBOSE1:component_installer.cc(457)] StartRegistration for Origin Trials
[8992:3640:0920/103736.122:VERBOSE1:component_installer.cc(457)] StartRegistration for Speech Recognition
[8992:7072:0920/103736.122:VERBOSE1:component_installer.cc(457)] StartRegistration for Subresource Filter Rules
[8992:3640:0920/103736.123:VERBOSE1:component_installer.cc(457)] StartRegistration for Trust Protection Lists
[8992:7072:0920/103736.125:VERBOSE1:component_installer.cc(457)] StartRegistration for Trust Token Key Commitments
[8992:3640:0920/103736.125:VERBOSE1:component_installer.cc(292)] Preinstalled component found for Trust Protection Lists at C:\Program Files (x86)\Microsoft\EdgeWebView\Application\128.0.2739.79\Trust Protection Lists with version 1.0.0.26.
[8992:7072:0920/103736.126:VERBOSE1:component_installer.cc(457)] StartRegistration for Widevine Content Decryption Module
[8992:3640:0920/103736.126:VERBOSE1:component_installer.cc(457)] StartRegistration for PKI Metadata
[8992:7072:0920/103736.126:VERBOSE1:component_installer.cc(292)] Preinstalled component found for Widevine Content Decryption Module at C:\Program Files (x86)\Microsoft\EdgeWebView\Application\128.0.2739.79\WidevineCdm with version 4.10.2710.0.
[8992:9884:0920/103736.127:VERBOSE1:component_installer.cc(457)] StartRegistration for Zxcvbn Data Dictionaries
[8992:8792:0920/103736.147:VERBOSE1:simple_index_file.cc(606)] Simple Cache Index is being restored from disk.
[8992:2492:0920/103736.147:VERBOSE1:simple_index_file.cc(606)] Simple Cache Index is being restored from disk.
[8992:11308:0920/103736.167:VERBOSE1:component_installer.cc(536)] FinishRegistration for Edge AutoLaunch Protocols
[8992:11308:0920/103736.167:VERBOSE1:component_updater_service.cc(167)] CrxUpdateService starting up. First update attempt will take place in 60 s seconds. Next update attempt will take place in 36000 s seconds. 
[8992:11308:0920/103736.167:VERBOSE1:component_installer.cc(536)] FinishRegistration for Hyphenation
[8992:11308:0920/103736.167:VERBOSE1:component_installer.cc(536)] FinishRegistration for CRLSet
[8992:11308:0920/103736.168:VERBOSE1:component_installer.cc(536)] FinishRegistration for Origin Trials
[8992:11308:0920/103736.168:VERBOSE1:component_installer.cc(536)] FinishRegistration for Speech Recognition
[8992:11308:0920/103736.168:VERBOSE1:component_installer.cc(536)] FinishRegistration for Subresource Filter Rules
[8992:11308:0920/103736.168:VERBOSE1:component_installer.cc(536)] FinishRegistration for Trust Token Key Commitments
[8992:11308:0920/103736.168:VERBOSE1:component_installer.cc(536)] FinishRegistration for Trust Protection Lists
[8992:11308:0920/103736.168:VERBOSE1:component_installer.cc(583)] Component ready, version 1.0.0.26 in C:\Program Files (x86)\Microsoft\EdgeWebView\Application\128.0.2739.79\Trust Protection Lists
[8992:11308:0920/103736.168:VERBOSE1:component_installer.cc(536)] FinishRegistration for Widevine Content Decryption Module
[8992:11308:0920/103736.168:VERBOSE1:component_installer.cc(583)] Component ready, version 4.10.2710.0 in C:\Program Files (x86)\Microsoft\EdgeWebView\Application\128.0.2739.79\WidevineCdm
[8992:11308:0920/103736.168:VERBOSE1:component_installer.cc(536)] FinishRegistration for PKI Metadata
[8992:11308:0920/103736.168:VERBOSE1:component_installer.cc(536)] FinishRegistration for Zxcvbn Data Dictionaries
[8992:11548:0920/103736.196:VERBOSE1:token_service_table.cc(178)] Loaded tokens: result = 3 ; number of tokens loaded = 0
[8992:11308:0920/103736.215:VERBOSE1:widevine_cdm_component_installer.cc(109)] Registering Widevine CDM 4.10.2710.0 with Chrome
[8992:11308:0920/103736.216:VERBOSE1:embedded_browser_profile_impl.cc(437)] EmbeddedBrowserProfileImpl::GetOrCreateProfile: profile_name: , in_private_mode_enabled: 0
[8992:11308:0920/103736.216:VERBOSE1:embedded_browser_profile_impl.cc(248)] OnProfileLoaded: create the instance for profile_path: C:\WebView2\Debug\WebView2.exe.WebView2\EBWebView\Default, in_private_mode_enabled: 0
[8992:11308:0920/103736.216:VERBOSE1:edge_share_features.cc(37)] IsEdgeShareEnabled returning 1
[8992:11308:0920/103736.218:VERBOSE1:profile_manager.cc(1640)] AddKeepAlive(Default, kBrowserWindow). keep_alives=[kWaitingForFirstBrowserWindow (1), kBrowserWindow (1)]
[8992:11308:0920/103736.218:VERBOSE1:profile_manager.cc(1713)] ClearFirstBrowserWindowKeepAlive(Default). keep_alives=[kBrowserWindow (1)]
[8992:11308:0920/103736.221:VERBOSE1:consumer_push_service.cc(58)] [E-tree]: hub_notification_store_ is nullptr.
[8992:15340:0920/103736.267:VERBOSE1:content_verifier.cc(834)] OnFetchComplete mhjfbmdgcfjbbpaeojofohoefgiehjai success:0
[8992:15340:0920/103736.268:VERBOSE1:content_verifier.cc(834)] OnFetchComplete dgiklkfkllikcanfonkcabmbdfmgleag success:0
[8992:11308:0920/103736.270:VERBOSE1:edge_share_features.cc(37)] IsEdgeShareEnabled returning 1
[8992:11308:0920/103736.289:VERBOSE1:edge_dash_service.cc(227)] EdgeDashService::ScheduleRefreshForAllTrackers
[8992:11308:0920/103736.290:VERBOSE1:pref_proxy_config_tracker_impl.cc(191)] 0000650400DCCA00: set chrome proxy config service to 00006504001F4B40
[8992:11308:0920/103736.295:VERBOSE1:embedded_browser_impl.cc(1574)] [In Pre Handle Child Process]
[8992:11308:0920/103736.296:VERBOSE1:gaia_auth_util.cc(51)] Canonicalized @gmail.com to @gmail.com
[8992:11308:0920/103736.296:VERBOSE1:gaia_auth_util.cc(51)] Canonicalized @gmail.com to @gmail.com
[8992:11308:0920/103736.312:VERBOSE1:edge_share_features.cc(37)] IsEdgeShareEnabled returning 1
[8992:14352:0920/103736.347:WARNING:edge_storage_reserve.cc(141)] NtSetInformationFile (storage reserve) failed. NTSTATUS: -1073741790
[8992:11308:0920/103736.352:VERBOSE1:embedded_browser_proxy_url_loader_factory.cc(417)] EmbeddedBrowserProxyURLLoaderFactory::MaybeProxyURLLoaderFactory: created proxy: 0000650400BC7000, type: 2
[8992:11308:0920/103736.353:VERBOSE1:edge_share_features.cc(37)] IsEdgeShareEnabled returning 1
[8992:11308:0920/103736.355:VERBOSE1:embedded_browser_proxy_url_loader_factory.cc(417)] EmbeddedBrowserProxyURLLoaderFactory::MaybeProxyURLLoaderFactory: created proxy: 0000650400BC6F00, type: 2
[8992:11308:0920/103736.355:VERBOSE1:embedded_browser_proxy_url_loader_factory.cc(417)] EmbeddedBrowserProxyURLLoaderFactory::MaybeProxyURLLoaderFactory: created proxy: 0000650400BC6E00, type: 2
[8992:11308:0920/103736.355:VERBOSE1:embedded_browser_proxy_url_loader_factory.cc(417)] EmbeddedBrowserProxyURLLoaderFactory::MaybeProxyURLLoaderFactory: created proxy: 0000650400BC6D00, type: 2
[8992:11308:0920/103736.355:VERBOSE1:embedded_browser_proxy_url_loader_factory.cc(417)] EmbeddedBrowserProxyURLLoaderFactory::MaybeProxyURLLoaderFactory: created proxy: 0000650400BC6C00, type: 2
[8992:11308:0920/103736.356:VERBOSE1:edge_share_features.cc(37)] IsEdgeShareEnabled returning 1
[8992:11308:0920/103736.362:VERBOSE1:mutable_profile_oauth2_token_service_delegate.cc(639)] MutablePO2TS::OnWebDataServiceRequestDone. Result type: 6
[8992:11308:0920/103736.362:VERBOSE1:mutable_profile_oauth2_token_service_delegate.cc(697)] MutablePO2TS::LoadAllCredentialsIntoMemory; 0 redential(s).
[8992:11308:0920/103736.362:VERBOSE1:sync_session_durations_metrics_recorder.cc(199)] OnRefreshTokensLoaded
[8992:11308:0920/103736.362:VERBOSE1:sync_session_durations_metrics_recorder.cc(228)] UpdateSyncAndAccountStatus: new_sync_status: 1 new_signin_status: 2
[8992:14352:0920/103736.364:WARNING:edge_storage_reserve.cc(141)] NtSetInformationFile (storage reserve) failed. NTSTATUS: -1073741790
[8992:14352:0920/103736.383:WARNING:edge_storage_reserve.cc(141)] NtSetInformationFile (storage reserve) failed. NTSTATUS: -1073741790
[8992:11308:0920/103736.795:VERBOSE1:print_backend_win.cc(417)] Found 4 printers
[12124:14192:0920/103736.920:VERBOSE1:simple_index_file.cc(606)] Simple Cache Index is being restored from disk.
[12124:9576:0920/103737.077:VERBOSE1:configured_proxy_resolution_service.cc(1216)] Failed configuring with PAC script, falling-back to manual proxy servers.
[12124:9576:0920/103737.077:VERBOSE1:configured_proxy_resolution_service.cc(1216)] Failed configuring with PAC script, falling-back to manual proxy servers.
[12124:9576:0920/103737.077:VERBOSE1:configured_proxy_resolution_service.cc(1216)] Failed configuring with PAC script, falling-back to manual proxy servers.
[14084:6052:0920/103737.233:INFO:cpu_info.cc(53)] Available number of cores: 4
[8992:11308:0920/103737.530:VERBOSE1:embedded_browser_proxy_url_loader_factory.cc(417)] EmbeddedBrowserProxyURLLoaderFactory::MaybeProxyURLLoaderFactory: created proxy: 0000650400BC6300, type: 0
[8992:11308:0920/103737.530:VERBOSE1:embedded_browser_proxy_url_loader_factory.cc(417)] EmbeddedBrowserProxyURLLoaderFactory::MaybeProxyURLLoaderFactory: created proxy: 0000650400BC6900, type: 0
[8992:11308:0920/103737.530:VERBOSE1:mutable_profile_oauth2_token_service_delegate.cc(542)] MutablePO2TS::RefreshTokenIsAvailable
[8992:11308:0920/103737.530:ERROR:edge_auth_errors.cc(523)] EDGE_IDENTITY: Get Default OS Account failed: Error: Primary Error: kImplicitSignInFailure, Secondary Error: kAccountProviderFetchError, Platform error: 0, Error string: 

[8992:11308:0920/103737.530:VERBOSE1:embedded_browser_impl.cc(3819)] [Browser Side: New Process Found] pid: 12124, type: kUtilityProcess
[8992:11308:0920/103737.530:VERBOSE1:embedded_browser_impl.cc(3819)] [Browser Side: New Process Found] pid: 7316, type: kGpuProcess
[8992:11308:0920/103737.530:VERBOSE1:gaia_cookie_manager_service.cc(850)] GaiaCookieManagerService::ListAccounts
[12124:9576:0920/103737.530:VERBOSE1:network_delegate.cc(36)] NetworkDelegate::NotifyBeforeURLRequest: https://config.edge.skype.com/config/v1/Edge/128.0.2739.79?clientId=-6427392789570159021&agents=EdgeConfig%2CEdgeFirstRunConfig&osname=win&client=webview&channel=stable&scpfre=0&osarch=x86_64&osver=10.0.17763&wu=0&devicefamily=server&uma=0&sessionid=0&mngd=0&installdate=1726843055&edu=&soobedate=1611642144&fg=1
[8992:11308:0920/103737.545:VERBOSE1:embedded_browser_impl.cc(3819)] [Browser Side: New Process Found] pid: 6184, type: kUtilityProcess
[8992:11308:0920/103737.549:VERBOSE1:device_event_log_impl.cc(242)] [10:37:37.550] Display: EVENT: screen_win.cc:1128 Displays updated, count: 1
[8992:11308:0920/103737.549:VERBOSE1:device_event_log_impl.cc(242)] [10:37:37.550] Display: EVENT: screen_win.cc:1130 Display[2528732444] bounds=[0,0 1536x960], workarea=[0,0 1536x920], scale=1, rotation=0, panel_rotation=0 external detected
[8992:11548:0920/103737.556:VERBOSE1:file_url_loader_factory.cc(486)] FileURLLoader::Start: file:///C:/WebView2Sample/WebView2Samples/GettingStartedGuides/Win32_GettingStarted/HTMLPage1.html
[8992:11308:0920/103737.562:VERBOSE1:embedded_browser_proxy_url_loader_factory.cc(417)] EmbeddedBrowserProxyURLLoaderFactory::MaybeProxyURLLoaderFactory: created proxy: 0000650400BC6000, type: 2
[8992:11308:0920/103737.562:VERBOSE1:embedded_browser_proxy_url_loader_factory.cc(417)] EmbeddedBrowserProxyURLLoaderFactory::MaybeProxyURLLoaderFactory: created proxy: 0000650400BC7F00, type: 2
[8992:11308:0920/103737.562:VERBOSE1:embedded_browser_proxy_url_loader_factory.cc(417)] EmbeddedBrowserProxyURLLoaderFactory::MaybeProxyURLLoaderFactory: created proxy: 0000650400BC7D00, type: 2
[8992:11308:0920/103737.562:VERBOSE1:embedded_browser_proxy_url_loader_factory.cc(417)] EmbeddedBrowserProxyURLLoaderFactory::MaybeProxyURLLoaderFactory: created proxy: 0000650400BC7C00, type: 2
[8992:11308:0920/103737.562:VERBOSE1:embedded_browser_proxy_url_loader_factory.cc(417)] EmbeddedBrowserProxyURLLoaderFactory::MaybeProxyURLLoaderFactory: created proxy: 0000650400BC7B00, type: 2
[8992:11308:0920/103737.562:VERBOSE1:edge_share_features.cc(37)] IsEdgeShareEnabled returning 1
[8992:11308:0920/103737.562:VERBOSE1:edge_share_features.cc(37)] IsEdgeShareEnabled returning 1
[14084:6052:0920/103737.562:VERBOSE1:script_context.cc(166)] Created context:
  extension id:           (none)
  frame:                  00003A7C0014F0A0
  URL:                    
  context_type:           WEB_PAGE
  effective extension id: (none)
  effective context type: WEB_PAGE
[14084:6052:0920/103737.562:VERBOSE1:script_context.cc(166)] Created context:
  extension id:           (none)
  frame:                  0000000000000000
  URL:                    
  context_type:           UNSPECIFIED
  effective extension id: (none)
  effective context type: UNSPECIFIED
[14084:6052:0920/103737.562:VERBOSE1:dispatcher.cc(458)] Num tracked contexts: 1
[8992:11308:0920/103737.562:VERBOSE1:mutable_profile_oauth2_token_service_delegate.cc(542)] MutablePO2TS::RefreshTokenIsAvailable
[8992:11308:0920/103737.581:VERBOSE1:edge_share_features.cc(37)] IsEdgeShareEnabled returning 1
[8992:14352:0920/103737.621:WARNING:edge_storage_reserve.cc(141)] NtSetInformationFile (storage reserve) failed. NTSTATUS: -1073741790
[8992:14352:0920/103737.661:WARNING:edge_storage_reserve.cc(141)] NtSetInformationFile (storage reserve) failed. NTSTATUS: -1073741790
[8992:11308:0920/103737.713:VERBOSE1:edge_share_features.cc(37)] IsEdgeShareEnabled returning 1
[8992:11308:0920/103737.715:VERBOSE1:device_event_log_impl.cc(242)] [10:37:37.715] Printer: EVENT: pdf_to_emf_converter.cc:209 PdfConverter created. Mode: 0
[14084:6052:0920/103737.715:VERBOSE1:dispatcher.cc(610)] Num tracked contexts: 0
[8992:11308:0920/103737.717:VERBOSE1:edge_share_features.cc(37)] IsEdgeShareEnabled returning 1
[14084:6052:0920/103737.718:VERBOSE1:script_context.cc(166)] Created context:
  extension id:           (none)
  frame:                  00003A7C0014F0A0
  URL:                    
  context_type:           WEB_PAGE
  effective extension id: (none)
  effective context type: WEB_PAGE
[14084:6052:0920/103737.718:VERBOSE1:script_context.cc(166)] Created context:
  extension id:           (none)
  frame:                  0000000000000000
  URL:                    
  context_type:           UNSPECIFIED
  effective extension id: (none)
  effective context type: UNSPECIFIED
[8992:11308:0920/103737.719:VERBOSE1:edge_share_features.cc(37)] IsEdgeShareEnabled returning 1
[14084:6052:0920/103737.719:VERBOSE1:dispatcher.cc(458)] Num tracked contexts: 1
[8992:11308:0920/103737.720:VERBOSE1:mutable_profile_oauth2_token_service_delegate.cc(542)] MutablePO2TS::RefreshTokenIsAvailable
[14084:6052:0920/103737.721:VERBOSE1:script_context.cc(199)] Destroyed context for extension
  extension id: 
  effective extension id: 
[14084:6052:0920/103737.722:VERBOSE1:script_context.cc(199)] Destroyed context for extension
  extension id: 
  effective extension id: 
[8992:11308:0920/103737.725:VERBOSE1:telemetry_service.cc(767)] NoConsent: Microsoft.WebBrowser.Security.PKI [components\telemetry_client\telemetry_service.cc(242)]
[8992:11308:0920/103737.725:VERBOSE1:edge_share_features.cc(37)] IsEdgeShareEnabled returning 1
[8992:11308:0920/103737.742:VERBOSE1:edge_share_features.cc(37)] IsEdgeShareEnabled returning 1
[8992:11308:0920/103737.809:VERBOSE1:embedded_browser_impl.cc(3819)] [Browser Side: New Process Found] pid: 11600, type: kUtilityProcess
[12124:9576:0920/103738.840:VERBOSE1:network_delegate.cc(36)] NetworkDelegate::NotifyBeforeURLRequest: https://config.edge.skype.com/config/v1/Edge/128.0.2739.79?clientId=-6427392789570159021&agents=EdgeRuntimeConfig%2CEdgeDomainActions&osname=win&client=webview&channel=stable&scpfre=0&osarch=x86_64&osver=10.0.17763&wu=0&devicefamily=server&uma=0&sessionid=0&mngd=0&installdate=1726843055&edu=0&soobedate=1611642144&fg=1
[8992:15340:0920/103740.747:VERBOSE1:win_util.cc(1351)] Checking if internal user
[8992:11308:0920/103740.747:VERBOSE1:personalized_data_collection_consent_state_manager_service.cc(137)] PersonalizedDataCollectionConsentStateManagerService::OnAccountInfoForSANcan_prompt : 1
[8992:11308:0920/103740.747:VERBOSE1:profile_manager.cc(1640)] AddKeepAlive(Default, kExtensionUpdater). keep_alives=[kBrowserWindow (1), kExtensionUpdater (1)]
[8992:11308:0920/103740.747:VERBOSE1:profile_manager.cc(1692)] RemoveKeepAlive(Default, kExtensionUpdater). keep_alives=[kBrowserWindow (1)]
[8992:8792:0920/103741.247:VERBOSE1:edge_e_drop_database.cc(697)] Init e_drop database init inner called
[8992:8792:0920/103741.247:VERBOSE1:edge_e_drop_database.cc(700)] Init EDrop database init db_path:C:\WebView2\Debug\WebView2.exe.WebView2\EBWebView\Default\EdgeEDrop\EdgeEDropSQLite.db
[8992:8792:0920/103741.247:VERBOSE1:edge_e_drop_database.cc(703)] Init Create the EDrop directory
[8992:11308:0920/103741.403:VERBOSE1:sqlite_data_repository_e_drop.cc(317)] InitTaskDone EDrop database init success: 1, result:1
[8992:11308:0920/103741.403:VERBOSE1:sqlite_data_repository_e_drop.cc(306)] FlushTasks called
[8992:11308:0920/103741.984:VERBOSE1:edge_share_features.cc(37)] IsEdgeShareEnabled returning 1
[8992:11308:0920/103742.062:VERBOSE1:profile_manager.cc(1640)] AddKeepAlive(Default, kSessionDataDeleter). keep_alives=[kBrowserWindow (1), kSessionDataDeleter (1)]
[8992:11308:0920/103742.062:VERBOSE1:internet_explorer_session_host_pool_win.cc(22)] Session host list contains 0session.
[8992:11308:0920/103742.156:VERBOSE1:sync_session_durations_metrics_recorder.cc(112)] Session end
[8992:11308:0920/103742.156:VERBOSE1:eac_user_policy_signin_service.cc(199)] EACUserPolicySigninService shutting down
[8992:11308:0920/103742.156:VERBOSE1:eac_policy_manager.cc(77)] EACPolicyManager shutting down, scope=POLICY_SCOPE_USER
[8992:11308:0920/103742.156:VERBOSE1:eac_policy_manager.cc(77)] EACPolicyManager shutting down, scope=POLICY_SCOPE_MACHINE
[8992:11308:0920/103742.156:VERBOSE1:account_reconcilor.cc(267)] AccountReconcilor::Shutdown
[8992:11308:0920/103742.156:VERBOSE1:account_reconcilor.cc(721)] AccountReconcilor::AbortReconcile: try again later
[8992:11308:0920/103742.156:VERBOSE1:account_reconcilor.cc(830)] AccountReconcilor::CalculateIfMultiloginReconcileIsDone: Error was 
[8992:11308:0920/103742.156:VERBOSE1:account_reconcilor.cc(316)] AccountReconcilor::UnregisterWithIdentityManager
[8992:11308:0920/103742.156:VERBOSE1:account_reconcilor.cc(289)] AccountReconcilor::UnregisterWithContentSettings
[8992:11308:0920/103742.156:VERBOSE1:gaia_cookie_manager_service.cc(632)] GaiaCookieManagerService::CancelAll
[8992:11308:0920/103742.156:VERBOSE1:mutable_profile_oauth2_token_service_delegate.cc(987)] MutablePO2TS::Shutdown
[8992:11308:0920/103742.156:VERBOSE1:mutable_profile_oauth2_token_service_delegate.cc(339)] MutablePO2TS::~MutablePO2TS
[8992:11308:0920/103742.156:VERBOSE1:device_event_log_impl.cc(242)] [10:37:42.157] Bluetooth: EVENT: bluetooth_api.cc:109 BluetoothAPI: Shutdown
[8992:11308:0920/103742.156:VERBOSE1:uploader_manager.cc(109)] ~UploaderManager called
[8992:7072:0920/103742.156:VERBOSE1:edge_e_drop_database.cc(691)] ~EdgeEDropDatabase called
[8992:11308:0920/103742.172:VERBOSE1:account_reconcilor.cc(196)] AccountReconcilor::~AccountReconcilor
[8992:11308:0920/103742.172:VERBOSE1:device_event_log_impl.cc(242)] [10:37:42.182] Bluetooth: EVENT: bluetooth_api.cc:95 ~BluetoothAPI: 000065040011F2C0
[8992:11308:0920/103742.172:VERBOSE1:eac_policy_manager.cc(77)] EACPolicyManager shutting down, scope=POLICY_SCOPE_USER
[8992:11308:0920/103742.187:VERBOSE1:eac_policy_manager.cc(77)] EACPolicyManager shutting down, scope=POLICY_SCOPE_MACHINE
[8992:11308:0920/103742.187:VERBOSE1:eac_policy_manager.cc(77)] EACPolicyManager shutting down, scope=POLICY_SCOPE_MACHINE
[8992:10632:0920/103742.219:VERBOSE1:edge_hub_app_usage_database.cc(46)] ~EdgeHubAppUsageDatabase called
[8992:11308:0920/103742.328:VERBOSE1:component_updater_service.cc(184)] CrxUpdateService stopping
