[13760:12532:0920/100409.323:WARNING:chrome_main_delegate.cc(844)] This is Chrome version 128.0.2739.79 (not a warning)
[13760:12532:0920/100409.594:VERBOSE1:eac_policy_manager.cc(30)] EACPolicyManager::Create C:\WebView2Sample\WebView2Samples\GettingStartedGuides\Win32_GettingStarted\x64\Release\WebView2GettingStarted.exe.WebView2\EBWebView 1
[13760:12532:0920/100409.594:VERBOSE1:eac_policy_store.cc(135)] EACPolicyStore load from disk failed: no policy file exists at C:\WebView2Sample\WebView2Samples\GettingStartedGuides\Win32_GettingStarted\x64\Release\WebView2GettingStarted.exe.WebView2\EBWebView\Policy\Machine Policy
[13760:12532:0920/100409.595:VERBOSE1:eac_policy_store.cc(212)] EACPolicyStore policy loaded: result.status=EACPolicyLoadStatusForUma(1), scope=POLICY_SCOPE_MACHINE
[13760:12532:0920/100409.595:VERBOSE1:eac_policy_store.cc(221)] EACPolicyStore policy load failed: No policy found on disk, scope=POLICY_SCOPE_MACHINE
[13760:12532:0920/100409.595:VERBOSE1:eac_policy_manager.cc(61)] EACPolicyManager initializing, scope=POLICY_SCOPE_MACHINE 00003EC8000AD080
[13760:12532:0920/100409.595:VERBOSE1:eac_policy_manager.cc(141)] EACPolicyManager store loaded, scope=POLICY_SCOPE_MACHINE
[13760:12532:0920/100409.595:VERBOSE1:eac_policy_manager.cc(101)] EACPolicyManager publishing policies, scope=POLICY_SCOPE_MACHINE 00003EC8000AD080
[13760:12532:0920/100409.601:VERBOSE1:variations_field_trial_creator_base.cc(106)] VariationsSeedUsage:2
[13760:12532:0920/100409.601:VERBOSE1:variations_field_trial_creator_base.cc(479)] VariationsSetupComplete
[13760:12532:0920/100409.668:VERBOSE1:webrtc_event_log_manager.cc(97)] WebRTC remote-bound event logging enabled.
[13760:12532:0920/100409.673:VERBOSE1:pref_proxy_config_tracker_impl.cc(191)] 00003ECC0232C300: set chrome proxy config service to 00003ECC023D8000
[13760:12532:0920/100409.691:VERBOSE1:device_event_log_impl.cc(242)] [10:04:09.691] Display: EVENT: screen_win.cc:1128 Displays updated, count: 1
[13760:12532:0920/100409.691:VERBOSE1:device_event_log_impl.cc(242)] [10:04:09.692] Display: EVENT: screen_win.cc:1130 Display[2528732444] bounds=[0,0 1536x960], workarea=[0,0 1536x920], scale=1, rotation=0, panel_rotation=0 external detected
[13760:12660:0920/100409.698:VERBOSE1:media_stream_manager.cc(1542)] MSM::InitializeMaybeAsync([this=00003ECC022B2C00])
[13760:12660:0920/100409.698:VERBOSE1:media_stream_manager.cc(1542)] MDM::MediaDevicesManager()
[13760:12660:0920/100409.700:VERBOSE1:media_stream_manager.cc(1542)] MSM::MediaStreamManager([this=00003ECC022B2C00]))
[13760:14044:0920/100409.724:WARNING:edge_storage_reserve.cc(141)] NtSetInformationFile (storage reserve) failed. NTSTATUS: -1073741790
[13760:12532:0920/100409.733:VERBOSE1:telemetry_service.cc(767)] NoConsent: Microsoft.WebBrowser.SystemInfo.Config [components\telemetry_client\telemetry_service.cc(242)]
[13760:12532:0920/100409.736:VERBOSE1:chrome_browser_cloud_management_controller.cc(161)] Cloud management controller initialization aborted as CBCM is not enabled. Please use the `--enable-chrome-browser-cloud-management` command line flag to enable it if you are not using the official Google Chrome build.
[13760:12532:0920/100409.737:VERBOSE1:install_util.cc(280)] No existing install found.
[13760:12532:0920/100409.737:VERBOSE1:edge_share_features.cc(96)] IsEdgeShareEnhancedCopyPasteEnabled returning 1
[13760:12532:0920/100409.738:VERBOSE1:wam_account_manager.cc(651)] wam_default_account_token_fetcher::StartFetchingTokenForImplicitSignin: Calling API
[13760:13380:0920/100409.739:VERBOSE1:chrome_browser_main.cc(1009)] EdgeTryInitWindowTabManager start
[13760:13380:0920/100409.739:VERBOSE1:wtm_interface_factory.cc(63)] WTM is not used for WebView.
[13760:12532:0920/100409.747:VERBOSE1:eac_policy_manager.cc(30)] EACPolicyManager::Create C:\WebView2Sample\WebView2Samples\GettingStartedGuides\Win32_GettingStarted\x64\Release\WebView2GettingStarted.exe.WebView2\EBWebView\Default 1
[13760:12532:0920/100409.747:VERBOSE1:eac_policy_store.cc(135)] EACPolicyStore load from disk failed: no policy file exists at C:\WebView2Sample\WebView2Samples\GettingStartedGuides\Win32_GettingStarted\x64\Release\WebView2GettingStarted.exe.WebView2\EBWebView\Default\Policy\User Policy
[13760:12532:0920/100409.748:VERBOSE1:eac_policy_store.cc(212)] EACPolicyStore policy loaded: result.status=EACPolicyLoadStatusForUma(1), scope=POLICY_SCOPE_USER
[13760:12532:0920/100409.748:VERBOSE1:eac_policy_store.cc(221)] EACPolicyStore policy load failed: No policy found on disk, scope=POLICY_SCOPE_USER
[13760:12532:0920/100409.748:VERBOSE1:eac_policy_manager.cc(61)] EACPolicyManager initializing, scope=POLICY_SCOPE_USER 00003ECC0222F360
[13760:12532:0920/100409.748:VERBOSE1:eac_policy_manager.cc(141)] EACPolicyManager store loaded, scope=POLICY_SCOPE_USER
[13760:12532:0920/100409.748:VERBOSE1:eac_policy_manager.cc(101)] EACPolicyManager publishing policies, scope=POLICY_SCOPE_USER 00003ECC0222F360
[13760:12532:0920/100409.756:VERBOSE1:edge_share_features.cc(37)] IsEdgeShareEnabled returning 1
[13760:12532:0920/100409.779:VERBOSE1:mutable_profile_oauth2_token_service_delegate.cc(329)] MutablePO2TS::MutablePO2TS
[13760:12532:0920/100409.779:VERBOSE1:pref_proxy_config_tracker_impl.cc(191)] 00003ECC0232C900: set chrome proxy config service to 00003ECC023D8E00
[13760:12532:0920/100409.781:VERBOSE1:pref_proxy_config_tracker_impl.cc(191)] 00003ECC0232CC00: set chrome proxy config service to 00003ECC023D9340
[13760:12532:0920/100409.782:VERBOSE1:edge_share_features.cc(96)] IsEdgeShareEnhancedCopyPasteEnabled returning 1
[13760:12532:0920/100409.782:VERBOSE1:edge_share_features.cc(96)] IsEdgeShareEnhancedCopyPasteEnabled returning 1
[13760:12532:0920/100409.782:VERBOSE1:device_event_log_impl.cc(242)] [10:04:09.782] Bluetooth: EVENT: bluetooth_api.cc:82 BluetoothAPI: 00003ECC022F7500
[13760:12532:0920/100409.786:VERBOSE1:bluetooth_low_energy_event_router.cc(289)] Initializing BluetoothLowEnergyEventRouter.
[13760:12532:0920/100409.787:WARNING:activity_log_policy.cc(68)] Scheduling init
[13760:12532:0920/100409.788:WARNING:activity_log_policy.cc(68)] Scheduling init
[13760:12532:0920/100409.794:VERBOSE1:network_primary_browser_service.cc(839)] WatchCrossDevicePrimaryBrowserFromPreference(): attaching listener
[13760:12532:0920/100409.794:VERBOSE1:network_primary_browser_service.cc(874)] TryLogCrossDevicePrimaryBrowserFromPreference(): data not available
[13760:12532:0920/100409.795:VERBOSE1:extension_service.cc(1858)] AddComponentExtension Microsoft Edge PDF Viewer
[13760:12532:0920/100409.795:VERBOSE1:extension_service.cc(1860)] Component extension Microsoft Edge PDF Viewer (mhjfbmdgcfjbbpaeojofohoefgiehjai) installing/upgrading from '' to 1
[13760:12532:0920/100409.796:VERBOSE1:extension_service.cc(1858)] AddComponentExtension Microsoft Clipboard Extension
[13760:12532:0920/100409.796:VERBOSE1:extension_service.cc(1860)] Component extension Microsoft Clipboard Extension (dgiklkfkllikcanfonkcabmbdfmgleag) installing/upgrading from '' to 1.0
[13760:12532:0920/100409.797:VERBOSE1:account_reconcilor.cc(189)] AccountReconcilor::AccountReconcilor
[13760:12532:0920/100409.797:VERBOSE1:account_reconcilor.cc(227)] AccountReconcilor::Initialize
[13760:12532:0920/100409.798:VERBOSE1:sync_session_durations_metrics_recorder.cc(80)] Ready to track Session.TotalDuration metrics
[13760:12532:0920/100409.801:VERBOSE1:eac_user_policy_signin_service.cc(181)] EACUserPolicySigninService initializing on profile ready event
[13760:12532:0920/100409.801:VERBOSE1:eac_user_policy_signin_service.cc(221)] EACUserPolicySigninService shutting down EACPolicyManager
[13760:12532:0920/100409.801:VERBOSE1:eac_policy_manager.cc(156)] EACPolicyManager disconnecting client and clearing policy, scope=POLICY_SCOPE_USER
[13760:12532:0920/100409.801:VERBOSE1:eac_policy_store.cc(268)] EACPolicyStore clearing policy, scope=POLICY_SCOPE_USER
[13760:12532:0920/100409.801:VERBOSE1:eac_policy_manager.cc(141)] EACPolicyManager store loaded, scope=POLICY_SCOPE_USER
[13760:12532:0920/100409.801:VERBOSE1:eac_policy_manager.cc(101)] EACPolicyManager publishing policies, scope=POLICY_SCOPE_USER 00003ECC0222F360
[13760:12532:0920/100409.801:VERBOSE1:eac_policy_manager.cc(101)] EACPolicyManager publishing policies, scope=POLICY_SCOPE_USER 00003ECC0222F360
[13760:12532:0920/100409.802:VERBOSE1:eac_policy_manager.cc(156)] EACPolicyManager disconnecting client and clearing policy, scope=POLICY_SCOPE_MACHINE
[13760:12532:0920/100409.802:VERBOSE1:eac_policy_store.cc(268)] EACPolicyStore clearing policy, scope=POLICY_SCOPE_MACHINE
[13760:12532:0920/100409.802:VERBOSE1:eac_policy_manager.cc(141)] EACPolicyManager store loaded, scope=POLICY_SCOPE_MACHINE
[13760:12532:0920/100409.802:VERBOSE1:eac_policy_manager.cc(101)] EACPolicyManager publishing policies, scope=POLICY_SCOPE_MACHINE 00003EC8000AD080
[13760:12532:0920/100409.802:VERBOSE1:eac_policy_manager.cc(101)] EACPolicyManager publishing policies, scope=POLICY_SCOPE_MACHINE 00003EC8000AD080
[13760:12532:0920/100409.802:VERBOSE1:hyphenation_component_installer.cc(167)] Registering Hyphenation component.
[13760:12532:0920/100409.802:VERBOSE1:trust_token_key_commitments_component_installer.cc(30)] Registering Trust Token Key Commitments component.
[13760:12144:0920/100409.832:VERBOSE1:component_installer.cc(457)] StartRegistration for Edge AutoLaunch Protocols
[13760:10988:0920/100409.833:VERBOSE1:component_installer.cc(457)] StartRegistration for CRLSet
[13760:1744:0920/100409.833:VERBOSE1:component_installer.cc(457)] StartRegistration for Hyphenation
[13760:13932:0920/100409.833:VERBOSE1:component_installer.cc(457)] StartRegistration for Origin Trials
[13760:12324:0920/100409.833:VERBOSE1:component_installer.cc(457)] StartRegistration for Speech Recognition
[13760:13924:0920/100409.835:VERBOSE1:component_installer.cc(457)] StartRegistration for Subresource Filter Rules
[13760:13532:0920/100409.835:VERBOSE1:component_installer.cc(457)] StartRegistration for Trust Protection Lists
[13760:13532:0920/100409.838:VERBOSE1:component_installer.cc(292)] Preinstalled component found for Trust Protection Lists at C:\Program Files (x86)\Microsoft\EdgeWebView\Application\128.0.2739.79\Trust Protection Lists with version 1.0.0.26.
[13760:13932:0920/100409.839:VERBOSE1:component_installer.cc(457)] StartRegistration for Trust Token Key Commitments
[13760:12532:0920/100409.840:VERBOSE1:component_installer.cc(536)] FinishRegistration for Origin Trials
[13760:12532:0920/100409.840:VERBOSE1:component_updater_service.cc(167)] CrxUpdateService starting up. First update attempt will take place in 60 s seconds. Next update attempt will take place in 36000 s seconds. 
[13760:14972:0920/100409.840:VERBOSE1:component_installer.cc(457)] StartRegistration for Widevine Content Decryption Module
[13760:12532:0920/100409.841:VERBOSE1:embedded_browser_profile_impl.cc(437)] EmbeddedBrowserProfileImpl::GetOrCreateProfile: profile_name: , in_private_mode_enabled: 0
[13760:13532:0920/100409.841:VERBOSE1:component_installer.cc(457)] StartRegistration for PKI Metadata
[13760:12532:0920/100409.841:VERBOSE1:embedded_browser_profile_impl.cc(248)] OnProfileLoaded: create the instance for profile_path: C:\WebView2Sample\WebView2Samples\GettingStartedGuides\Win32_GettingStarted\x64\Release\WebView2GettingStarted.exe.WebView2\EBWebView\Default, in_private_mode_enabled: 0
[13760:13288:0920/100409.842:VERBOSE1:component_installer.cc(457)] StartRegistration for Zxcvbn Data Dictionaries
[13760:12532:0920/100409.842:VERBOSE1:edge_share_features.cc(37)] IsEdgeShareEnabled returning 1
[13760:12532:0920/100409.843:VERBOSE1:profile_manager.cc(1640)] AddKeepAlive(Default, kBrowserWindow). keep_alives=[kWaitingForFirstBrowserWindow (1), kBrowserWindow (1)]
[13760:12532:0920/100409.843:VERBOSE1:profile_manager.cc(1713)] ClearFirstBrowserWindowKeepAlive(Default). keep_alives=[kBrowserWindow (1)]
[13760:14972:0920/100409.843:VERBOSE1:component_installer.cc(292)] Preinstalled component found for Widevine Content Decryption Module at C:\Program Files (x86)\Microsoft\EdgeWebView\Application\128.0.2739.79\WidevineCdm with version 4.10.2710.0.
[13760:12532:0920/100409.846:VERBOSE1:consumer_push_service.cc(58)] [E-tree]: hub_notification_store_ is nullptr.
[13760:12532:0920/100409.869:VERBOSE1:edge_share_features.cc(37)] IsEdgeShareEnabled returning 1
[13760:12008:0920/100409.874:VERBOSE1:token_service_table.cc(178)] Loaded tokens: result = 3 ; number of tokens loaded = 0
[13760:13380:0920/100409.877:VERBOSE1:simple_index_file.cc(606)] Simple Cache Index is being restored from disk.
[13760:12532:0920/100409.883:VERBOSE1:edge_dash_service.cc(227)] EdgeDashService::ScheduleRefreshForAllTrackers
[13760:12532:0920/100409.884:VERBOSE1:pref_proxy_config_tracker_impl.cc(191)] 00003ECC02EFCA00: set chrome proxy config service to 00003ECC023DC440
[13760:12532:0920/100409.889:VERBOSE1:embedded_browser_impl.cc(1574)] [In Pre Handle Child Process]
[13760:12532:0920/100409.889:VERBOSE1:embedded_browser_impl.cc(3819)] [Browser Side: New Process Found] pid: 10196, type: kGpuProcess
[13760:12532:0920/100409.890:VERBOSE1:gaia_auth_util.cc(51)] Canonicalized @gmail.com to @gmail.com
[13760:12532:0920/100409.890:VERBOSE1:gaia_auth_util.cc(51)] Canonicalized @gmail.com to @gmail.com
[13760:12532:0920/100409.906:VERBOSE1:edge_share_features.cc(37)] IsEdgeShareEnabled returning 1
[13760:13532:0920/100409.913:VERBOSE1:simple_index_file.cc(606)] Simple Cache Index is being restored from disk.
[13760:12660:0920/100409.920:VERBOSE1:content_verifier.cc(834)] OnFetchComplete mhjfbmdgcfjbbpaeojofohoefgiehjai success:0
[13760:12660:0920/100409.921:VERBOSE1:content_verifier.cc(834)] OnFetchComplete dgiklkfkllikcanfonkcabmbdfmgleag success:0
[13760:14044:0920/100409.928:WARNING:edge_storage_reserve.cc(141)] NtSetInformationFile (storage reserve) failed. NTSTATUS: -1073741790
[13760:12532:0920/100409.930:VERBOSE1:embedded_browser_proxy_url_loader_factory.cc(417)] EmbeddedBrowserProxyURLLoaderFactory::MaybeProxyURLLoaderFactory: created proxy: 00003ECC02F4C100, type: 2
[13760:12532:0920/100409.932:VERBOSE1:edge_share_features.cc(37)] IsEdgeShareEnabled returning 1
[13760:12532:0920/100409.933:VERBOSE1:embedded_browser_proxy_url_loader_factory.cc(417)] EmbeddedBrowserProxyURLLoaderFactory::MaybeProxyURLLoaderFactory: created proxy: 00003ECC02F4D000, type: 2
[13760:12532:0920/100409.933:VERBOSE1:embedded_browser_proxy_url_loader_factory.cc(417)] EmbeddedBrowserProxyURLLoaderFactory::MaybeProxyURLLoaderFactory: created proxy: 00003ECC02F4CF00, type: 2
[13760:12532:0920/100409.933:VERBOSE1:embedded_browser_proxy_url_loader_factory.cc(417)] EmbeddedBrowserProxyURLLoaderFactory::MaybeProxyURLLoaderFactory: created proxy: 00003ECC02F4CE00, type: 2
[13760:12532:0920/100409.933:VERBOSE1:embedded_browser_proxy_url_loader_factory.cc(417)] EmbeddedBrowserProxyURLLoaderFactory::MaybeProxyURLLoaderFactory: created proxy: 00003ECC02F4CD00, type: 2
[13760:12532:0920/100409.934:VERBOSE1:edge_share_features.cc(37)] IsEdgeShareEnabled returning 1
[13760:12532:0920/100409.937:VERBOSE1:component_installer.cc(536)] FinishRegistration for Trust Protection Lists
[13760:12532:0920/100409.938:VERBOSE1:component_installer.cc(583)] Component ready, version 1.0.0.26 in C:\Program Files (x86)\Microsoft\EdgeWebView\Application\128.0.2739.79\Trust Protection Lists
[13760:12532:0920/100409.938:VERBOSE1:component_installer.cc(536)] FinishRegistration for Speech Recognition
[13760:12532:0920/100409.938:VERBOSE1:component_installer.cc(536)] FinishRegistration for PKI Metadata
[13760:12532:0920/100409.939:VERBOSE1:component_installer.cc(536)] FinishRegistration for Subresource Filter Rules
[13760:14044:0920/100409.940:WARNING:edge_storage_reserve.cc(141)] NtSetInformationFile (storage reserve) failed. NTSTATUS: -1073741790
[13760:12532:0920/100409.950:VERBOSE1:component_installer.cc(536)] FinishRegistration for CRLSet
[13760:12532:0920/100409.950:VERBOSE1:component_installer.cc(536)] FinishRegistration for Zxcvbn Data Dictionaries
[13760:12532:0920/100409.950:VERBOSE1:component_installer.cc(536)] FinishRegistration for Trust Token Key Commitments
[13760:12532:0920/100409.950:VERBOSE1:component_installer.cc(536)] FinishRegistration for Widevine Content Decryption Module
[13760:12532:0920/100409.950:VERBOSE1:component_installer.cc(583)] Component ready, version 4.10.2710.0 in C:\Program Files (x86)\Microsoft\EdgeWebView\Application\128.0.2739.79\WidevineCdm
[13760:12532:0920/100409.951:VERBOSE1:component_installer.cc(536)] FinishRegistration for Edge AutoLaunch Protocols
[13760:12532:0920/100409.951:VERBOSE1:component_installer.cc(536)] FinishRegistration for Hyphenation
[13760:12532:0920/100409.951:VERBOSE1:mutable_profile_oauth2_token_service_delegate.cc(639)] MutablePO2TS::OnWebDataServiceRequestDone. Result type: 6
[13760:12532:0920/100409.951:VERBOSE1:mutable_profile_oauth2_token_service_delegate.cc(697)] MutablePO2TS::LoadAllCredentialsIntoMemory; 0 redential(s).
[13760:12532:0920/100409.951:VERBOSE1:sync_session_durations_metrics_recorder.cc(199)] OnRefreshTokensLoaded
[13760:12532:0920/100409.951:VERBOSE1:sync_session_durations_metrics_recorder.cc(228)] UpdateSyncAndAccountStatus: new_sync_status: 1 new_signin_status: 2
[13760:14044:0920/100409.951:WARNING:edge_storage_reserve.cc(141)] NtSetInformationFile (storage reserve) failed. NTSTATUS: -1073741790
[13760:12532:0920/100409.952:ERROR:edge_auth_errors.cc(523)] EDGE_IDENTITY: Get Default OS Account failed: Error: Primary Error: kImplicitSignInFailure, Secondary Error: kAccountProviderFetchError, Platform error: 0, Error string: 

[13760:12532:0920/100409.953:VERBOSE1:widevine_cdm_component_installer.cc(109)] Registering Widevine CDM 4.10.2710.0 with Chrome
[7492:11940:0920/100410.271:VERBOSE1:simple_index_file.cc(606)] Simple Cache Index is being restored from disk.
[13760:12532:0920/100410.276:VERBOSE1:print_backend_win.cc(417)] Found 4 printers
[7492:15320:0920/100410.345:VERBOSE1:configured_proxy_resolution_service.cc(1216)] Failed configuring with PAC script, falling-back to manual proxy servers.
[7492:15320:0920/100410.345:VERBOSE1:configured_proxy_resolution_service.cc(1216)] Failed configuring with PAC script, falling-back to manual proxy servers.
[7492:15320:0920/100410.345:VERBOSE1:configured_proxy_resolution_service.cc(1216)] Failed configuring with PAC script, falling-back to manual proxy servers.
[13348:11548:0920/100410.447:INFO:cpu_info.cc(53)] Available number of cores: 4
[13760:12532:0920/100410.568:VERBOSE1:embedded_browser_proxy_url_loader_factory.cc(417)] EmbeddedBrowserProxyURLLoaderFactory::MaybeProxyURLLoaderFactory: created proxy: 00003ECC02F4C400, type: 0
[13760:12532:0920/100410.569:VERBOSE1:embedded_browser_proxy_url_loader_factory.cc(417)] EmbeddedBrowserProxyURLLoaderFactory::MaybeProxyURLLoaderFactory: created proxy: 00003ECC02F4CA00, type: 0
[13760:12532:0920/100410.569:VERBOSE1:mutable_profile_oauth2_token_service_delegate.cc(542)] MutablePO2TS::RefreshTokenIsAvailable
[13760:12532:0920/100410.570:VERBOSE1:embedded_browser_impl.cc(3819)] [Browser Side: New Process Found] pid: 7492, type: kUtilityProcess
[13760:12532:0920/100410.571:VERBOSE1:embedded_browser_impl.cc(3819)] [Browser Side: New Process Found] pid: 12488, type: kUtilityProcess
[13760:12532:0920/100410.571:VERBOSE1:gaia_cookie_manager_service.cc(850)] GaiaCookieManagerService::ListAccounts
[7492:15320:0920/100410.571:VERBOSE1:network_delegate.cc(36)] NetworkDelegate::NotifyBeforeURLRequest: https://config.edge.skype.com/config/v1/Edge/128.0.2739.79?clientId=-6427392789570159021&agents=EdgeConfig%2CEdgeFirstRunConfig&osname=win&client=webview&channel=stable&scpfre=0&osarch=x86_64&osver=10.0.17763&wu=0&devicefamily=server&uma=0&sessionid=0&mngd=0&installdate=1726841049&edu=&soobedate=1611642144&fg=1
[13760:12532:0920/100410.572:VERBOSE1:embedded_browser_impl.cc(3819)] [Browser Side: New Process Found] pid: 10196, type: kGpuProcess
[13760:12532:0920/100410.579:VERBOSE1:device_event_log_impl.cc(242)] [10:04:10.579] Display: EVENT: screen_win.cc:1128 Displays updated, count: 1
[13760:12532:0920/100410.579:VERBOSE1:device_event_log_impl.cc(242)] [10:04:10.579] Display: EVENT: screen_win.cc:1130 Display[2528732444] bounds=[0,0 1536x960], workarea=[0,0 1536x920], scale=1, rotation=0, panel_rotation=0 external detected
[13760:13532:0920/100410.585:VERBOSE1:file_url_loader_factory.cc(486)] FileURLLoader::Start: file:///C:/WebView2Sample/WebView2Samples/GettingStartedGuides/Win32_GettingStarted/HTMLPage1.html
[13760:12532:0920/100410.591:VERBOSE1:edge_share_features.cc(37)] IsEdgeShareEnabled returning 1
[13760:12532:0920/100410.591:VERBOSE1:edge_share_features.cc(37)] IsEdgeShareEnabled returning 1
[13760:12532:0920/100410.593:VERBOSE1:mutable_profile_oauth2_token_service_delegate.cc(542)] MutablePO2TS::RefreshTokenIsAvailable
[13348:11548:0920/100410.595:VERBOSE1:script_context.cc(166)] Created context:
  extension id:           (none)
  frame:                  000012CC0014F0A0
  URL:                    
  context_type:           WEB_PAGE
  effective extension id: (none)
  effective context type: WEB_PAGE
[13348:11548:0920/100410.596:VERBOSE1:script_context.cc(166)] Created context:
  extension id:           (none)
  frame:                  0000000000000000
  URL:                    
  context_type:           UNSPECIFIED
  effective extension id: (none)
  effective context type: UNSPECIFIED
[13348:11548:0920/100410.596:VERBOSE1:dispatcher.cc(458)] Num tracked contexts: 1
[13760:12532:0920/100410.602:VERBOSE1:embedded_browser_proxy_url_loader_factory.cc(417)] EmbeddedBrowserProxyURLLoaderFactory::MaybeProxyURLLoaderFactory: created proxy: 00003ECC02F4CB00, type: 2
[13760:12532:0920/100410.602:VERBOSE1:embedded_browser_proxy_url_loader_factory.cc(417)] EmbeddedBrowserProxyURLLoaderFactory::MaybeProxyURLLoaderFactory: created proxy: 00003ECC02F4D600, type: 2
[13760:12532:0920/100410.602:VERBOSE1:embedded_browser_proxy_url_loader_factory.cc(417)] EmbeddedBrowserProxyURLLoaderFactory::MaybeProxyURLLoaderFactory: created proxy: 00003ECC02F4D500, type: 2
[13760:12532:0920/100410.602:VERBOSE1:embedded_browser_proxy_url_loader_factory.cc(417)] EmbeddedBrowserProxyURLLoaderFactory::MaybeProxyURLLoaderFactory: created proxy: 00003ECC02F4D400, type: 2
[13760:12532:0920/100410.602:VERBOSE1:embedded_browser_proxy_url_loader_factory.cc(417)] EmbeddedBrowserProxyURLLoaderFactory::MaybeProxyURLLoaderFactory: created proxy: 00003ECC02F4D300, type: 2
[13760:12532:0920/100410.608:VERBOSE1:edge_share_features.cc(37)] IsEdgeShareEnabled returning 1
[13760:12532:0920/100410.616:VERBOSE1:edge_share_features.cc(37)] IsEdgeShareEnabled returning 1
[13760:14044:0920/100410.655:WARNING:edge_storage_reserve.cc(141)] NtSetInformationFile (storage reserve) failed. NTSTATUS: -1073741790
[13760:14044:0920/100410.700:WARNING:edge_storage_reserve.cc(141)] NtSetInformationFile (storage reserve) failed. NTSTATUS: -1073741790
[13348:11548:0920/100410.745:VERBOSE1:dispatcher.cc(610)] Num tracked contexts: 0
[13760:12532:0920/100410.745:VERBOSE1:device_event_log_impl.cc(242)] [10:04:10.746] Printer: EVENT: pdf_to_emf_converter.cc:209 PdfConverter created. Mode: 0
[13760:12532:0920/100410.748:VERBOSE1:edge_share_features.cc(37)] IsEdgeShareEnabled returning 1
[13348:11548:0920/100410.749:VERBOSE1:script_context.cc(166)] Created context:
  extension id:           (none)
  frame:                  000012CC0014F0A0
  URL:                    
  context_type:           WEB_PAGE
  effective extension id: (none)
  effective context type: WEB_PAGE
[13348:11548:0920/100410.749:VERBOSE1:script_context.cc(166)] Created context:
  extension id:           (none)
  frame:                  0000000000000000
  URL:                    
  context_type:           UNSPECIFIED
  effective extension id: (none)
  effective context type: UNSPECIFIED
[13348:11548:0920/100410.749:VERBOSE1:dispatcher.cc(458)] Num tracked contexts: 1
[13760:12532:0920/100410.749:VERBOSE1:edge_share_features.cc(37)] IsEdgeShareEnabled returning 1
[13760:12532:0920/100410.751:VERBOSE1:mutable_profile_oauth2_token_service_delegate.cc(542)] MutablePO2TS::RefreshTokenIsAvailable
[13348:11548:0920/100410.751:VERBOSE1:script_context.cc(199)] Destroyed context for extension
  extension id: 
  effective extension id: 
[13348:11548:0920/100410.751:VERBOSE1:script_context.cc(199)] Destroyed context for extension
  extension id: 
  effective extension id: 
[13760:12532:0920/100410.759:VERBOSE1:telemetry_service.cc(767)] NoConsent: Microsoft.WebBrowser.Security.PKI [components\telemetry_client\telemetry_service.cc(242)]
[13760:12532:0920/100410.759:VERBOSE1:edge_share_features.cc(37)] IsEdgeShareEnabled returning 1
[13760:12532:0920/100410.765:VERBOSE1:edge_share_features.cc(37)] IsEdgeShareEnabled returning 1
[13760:12532:0920/100410.823:VERBOSE1:embedded_browser_impl.cc(3819)] [Browser Side: New Process Found] pid: 13592, type: kUtilityProcess
[7492:15320:0920/100411.808:VERBOSE1:network_delegate.cc(36)] NetworkDelegate::NotifyBeforeURLRequest: https://config.edge.skype.com/config/v1/Edge/128.0.2739.79?clientId=-6427392789570159021&agents=EdgeRuntimeConfig%2CEdgeDomainActions&osname=win&client=webview&channel=stable&scpfre=0&osarch=x86_64&osver=10.0.17763&wu=0&devicefamily=server&uma=0&sessionid=0&mngd=0&installdate=1726841049&edu=0&soobedate=1611642144&fg=1
[13760:12660:0920/100413.757:VERBOSE1:win_util.cc(1351)] Checking if internal user
[13760:12532:0920/100413.757:VERBOSE1:personalized_data_collection_consent_state_manager_service.cc(137)] PersonalizedDataCollectionConsentStateManagerService::OnAccountInfoForSANcan_prompt : 1
[13760:12532:0920/100413.759:VERBOSE1:profile_manager.cc(1640)] AddKeepAlive(Default, kExtensionUpdater). keep_alives=[kBrowserWindow (1), kExtensionUpdater (1)]
[13760:12532:0920/100413.759:VERBOSE1:profile_manager.cc(1692)] RemoveKeepAlive(Default, kExtensionUpdater). keep_alives=[kBrowserWindow (1)]
[13760:13288:0920/100414.329:VERBOSE1:edge_e_drop_database.cc(697)] Init e_drop database init inner called
[13760:13288:0920/100414.329:VERBOSE1:edge_e_drop_database.cc(700)] Init EDrop database init db_path:C:\WebView2Sample\WebView2Samples\GettingStartedGuides\Win32_GettingStarted\x64\Release\WebView2GettingStarted.exe.WebView2\EBWebView\Default\EdgeEDrop\EdgeEDropSQLite.db
[13760:13288:0920/100414.329:VERBOSE1:edge_e_drop_database.cc(703)] Init Create the EDrop directory
[13760:12532:0920/100414.497:VERBOSE1:sqlite_data_repository_e_drop.cc(317)] InitTaskDone EDrop database init success: 1, result:1
[13760:12532:0920/100414.497:VERBOSE1:sqlite_data_repository_e_drop.cc(306)] FlushTasks called
[13760:12532:0920/100416.348:VERBOSE1:embedded_browser_impl.cc(3829)] [Browser Side: Process Disconnected] pid: 13592, type: kUtilityProcess
[13760:12532:0920/100418.511:VERBOSE1:embedded_browser_impl.cc(3844)] Child Process Killed
[13760:12532:0920/100418.511:VERBOSE1:embedded_browser_impl.cc(3829)] [Browser Side: Process Disconnected] pid: 7492, type: kUtilityProcess
[13760:12532:0920/100418.513:VERBOSE1:embedded_browser_proxy_url_loader_factory.cc(417)] EmbeddedBrowserProxyURLLoaderFactory::MaybeProxyURLLoaderFactory: created proxy: 00003ECC02B05600, type: 2
[13760:12532:0920/100418.514:ERROR:network_service_instance_impl.cc(621)] Network service crashed, restarting service.
[13760:12532:0920/100418.516:VERBOSE1:embedded_browser_proxy_url_loader_factory.cc(417)] EmbeddedBrowserProxyURLLoaderFactory::MaybeProxyURLLoaderFactory: created proxy: 00003ECC02B05600, type: 2
[13760:12532:0920/100418.538:VERBOSE1:edge_share_features.cc(37)] IsEdgeShareEnabled returning 1
