[12676:11816:0913/094021.509:WARNING:chrome_main_delegate.cc(845)] This is Chrome version 130.0.2834.0 (not a warning)
[12676:11816:0913/094021.777:VERBOSE1:eac_policy_manager.cc(30)] EACPolicyManager::Create C:\WebView2Sample\WebView2Samples\GettingStartedGuides\Win32_GettingStarted\Release\WebView2GettingStarted.exe.WebView2\EBWebView 1
[12676:11816:0913/094021.778:VERBOSE1:eac_policy_store.cc(134)] EACPolicyStore load from disk failed: no policy file exists at C:\WebView2Sample\WebView2Samples\GettingStartedGuides\Win32_GettingStarted\Release\WebView2GettingStarted.exe.WebView2\EBWebView\Policy\Machine Policy
[12676:11816:0913/094021.778:VERBOSE1:eac_policy_store.cc(211)] EACPolicyStore policy loaded: result.status=EACPolicyLoadStatusForUma(1), scope=POLICY_SCOPE_MACHINE
[12676:11816:0913/094021.778:VERBOSE1:eac_policy_store.cc(220)] EACPolicyStore policy load failed: No policy found on disk, scope=POLICY_SCOPE_MACHINE
[12676:11816:0913/094021.778:VERBOSE1:eac_policy_manager.cc(61)] EACPolicyManager initializing, scope=POLICY_SCOPE_MACHINE 00003380000AD200
[12676:11816:0913/094021.778:VERBOSE1:eac_policy_manager.cc(141)] EACPolicyManager store loaded, scope=POLICY_SCOPE_MACHINE
[12676:11816:0913/094021.778:VERBOSE1:eac_policy_manager.cc(101)] EACPolicyManager publishing policies, scope=POLICY_SCOPE_MACHINE 00003380000AD200
[12676:11816:0913/094021.789:VERBOSE1:variations_field_trial_creator_base.cc(106)] VariationsSeedUsage:2
[12676:11816:0913/094021.789:VERBOSE1:variations_field_trial_creator_base.cc(479)] VariationsSetupComplete
[12676:11816:0913/094021.871:VERBOSE1:webrtc_event_log_manager.cc(97)] WebRTC remote-bound event logging enabled.
[12676:11816:0913/094021.875:VERBOSE1:pref_proxy_config_tracker_impl.cc(191)] 0000338400158300: set chrome proxy config service to 0000338400204000
[12676:11816:0913/094021.888:VERBOSE1:device_event_log_impl.cc(247)] [09:40:21.887] Display: EVENT: screen_win.cc:1146 Displays updated, count: 1
[12676:11816:0913/094021.888:VERBOSE1:device_event_log_impl.cc(247)] [09:40:21.887] Display: EVENT: screen_win.cc:1148 Display[2528732444] bounds=[0,0 1536x960], workarea=[0,0 1536x920], scale=1, rotation=0, panel_rotation=0 external detected
[12676:16372:0913/094021.896:VERBOSE1:media_stream_manager.cc(1542)] MSM::InitializeMaybeAsync([this=00003384000CFE00])
[12676:16372:0913/094021.896:VERBOSE1:media_stream_manager.cc(1542)] MDM::MediaDevicesManager()
[12676:16372:0913/094021.896:VERBOSE1:media_stream_manager.cc(1542)] MSM::MediaStreamManager([this=00003384000CFE00]))
[12676:5092:0913/094021.899:WARNING:edge_storage_reserve.cc(141)] NtSetInformationFile (storage reserve) failed. NTSTATUS: -1073741790
[12676:11816:0913/094021.931:VERBOSE1:telemetry_service.cc(784)] NoConsent: Microsoft.WebBrowser.SystemInfo.Config [components\telemetry_client\telemetry_service.cc(253)]
[12676:12692:0913/094021.934:VERBOSE1:chrome_browser_main.cc(994)] EdgeTryInitWindowTabManager start
[12676:12692:0913/094021.934:VERBOSE1:wtm_interface_factory.cc(63)] WTM is not used for WebView.
[12676:11816:0913/094021.939:VERBOSE1:chrome_browser_cloud_management_controller.cc(161)] Cloud management controller initialization aborted as CBCM is not enabled. Please use the `--enable-chrome-browser-cloud-management` command line flag to enable it if you are not using the official Google Chrome build.
[12676:11816:0913/094021.940:VERBOSE1:edge_share_features.cc(97)] IsEdgeShareEnhancedCopyPasteEnabled returning 1
[12676:11816:0913/094021.940:VERBOSE1:wam_account_manager.cc(651)] wam_default_account_token_fetcher::StartFetchingTokenForImplicitSignin: Calling API
[12676:11816:0913/094021.945:VERBOSE1:platform_auth_policy_observer.cc(69)] PlatformAuthProviderManager enabled: 0
[12676:11816:0913/094021.949:VERBOSE1:eac_policy_manager.cc(30)] EACPolicyManager::Create C:\WebView2Sample\WebView2Samples\GettingStartedGuides\Win32_GettingStarted\Release\WebView2GettingStarted.exe.WebView2\EBWebView\Default 1
[12676:11816:0913/094021.949:VERBOSE1:eac_policy_store.cc(134)] EACPolicyStore load from disk failed: no policy file exists at C:\WebView2Sample\WebView2Samples\GettingStartedGuides\Win32_GettingStarted\Release\WebView2GettingStarted.exe.WebView2\EBWebView\Default\Policy\User Policy
[12676:11816:0913/094021.949:VERBOSE1:eac_policy_store.cc(211)] EACPolicyStore policy loaded: result.status=EACPolicyLoadStatusForUma(1), scope=POLICY_SCOPE_USER
[12676:11816:0913/094021.949:VERBOSE1:eac_policy_store.cc(220)] EACPolicyStore policy load failed: No policy found on disk, scope=POLICY_SCOPE_USER
[12676:11816:0913/094021.949:VERBOSE1:eac_policy_manager.cc(61)] EACPolicyManager initializing, scope=POLICY_SCOPE_USER 00003384000343A0
[12676:11816:0913/094021.949:VERBOSE1:eac_policy_manager.cc(141)] EACPolicyManager store loaded, scope=POLICY_SCOPE_USER
[12676:11816:0913/094021.949:VERBOSE1:eac_policy_manager.cc(101)] EACPolicyManager publishing policies, scope=POLICY_SCOPE_USER 00003384000343A0
[12676:11816:0913/094021.958:VERBOSE1:edge_share_features.cc(37)] IsEdgeShareEnabled returning 1
[12676:11816:0913/094021.980:VERBOSE1:mutable_profile_oauth2_token_service_delegate.cc(331)] MutablePO2TS::MutablePO2TS
[12676:11816:0913/094021.980:VERBOSE1:pref_proxy_config_tracker_impl.cc(191)] 0000338400158900: set chrome proxy config service to 0000338400205340
[12676:11816:0913/094021.984:VERBOSE1:pref_proxy_config_tracker_impl.cc(191)] 0000338400158C00: set chrome proxy config service to 0000338400205880
[12676:11816:0913/094021.985:VERBOSE1:edge_share_features.cc(97)] IsEdgeShareEnhancedCopyPasteEnabled returning 1
[12676:11816:0913/094021.985:VERBOSE1:edge_share_features.cc(97)] IsEdgeShareEnhancedCopyPasteEnabled returning 1
[12676:11816:0913/094021.985:VERBOSE1:device_event_log_impl.cc(247)] [09:40:21.985] Bluetooth: EVENT: bluetooth_api.cc:82 BluetoothAPI: 0000338400122E40
[12676:11816:0913/094021.986:VERBOSE1:gaia_auth_util.cc(51)] Canonicalized @gmail.com to @gmail.com
[12676:11816:0913/094021.986:VERBOSE1:gaia_auth_util.cc(51)] Canonicalized @gmail.com to @gmail.com
[12676:11816:0913/094021.991:VERBOSE1:bluetooth_low_energy_event_router.cc(294)] Initializing BluetoothLowEnergyEventRouter.
[12676:11816:0913/094021.992:WARNING:activity_log_policy.cc(68)] Scheduling init
[12676:11816:0913/094021.992:WARNING:activity_log_policy.cc(68)] Scheduling init
[12676:11816:0913/094022.004:VERBOSE1:network_primary_browser_service.cc(839)] WatchCrossDevicePrimaryBrowserFromPreference(): attaching listener
[12676:11816:0913/094022.004:VERBOSE1:network_primary_browser_service.cc(874)] TryLogCrossDevicePrimaryBrowserFromPreference(): data not available
[12676:11816:0913/094022.005:VERBOSE1:extension_service.cc(1849)] AddComponentExtension Microsoft Edge PDF Viewer
[12676:11816:0913/094022.006:VERBOSE1:extension_service.cc(1849)] AddComponentExtension Microsoft Clipboard Extension
[12676:11816:0913/094022.007:VERBOSE1:account_reconcilor.cc(189)] AccountReconcilor::AccountReconcilor
[12676:11816:0913/094022.007:VERBOSE1:account_reconcilor.cc(227)] AccountReconcilor::Initialize
[12676:11816:0913/094022.008:VERBOSE1:profile_manager.cc(2368)] ForceSigninCheck: 0, 0, 1
[12676:11816:0913/094022.008:VERBOSE1:sync_session_durations_metrics_recorder.cc(81)] Ready to track Session.TotalDuration metrics
[12676:11816:0913/094022.011:VERBOSE1:eac_user_policy_signin_service.cc(182)] EACUserPolicySigninService initializing on profile ready event
[12676:11816:0913/094022.011:VERBOSE1:eac_user_policy_signin_service.cc(222)] EACUserPolicySigninService shutting down EACPolicyManager
[12676:11816:0913/094022.011:VERBOSE1:eac_policy_manager.cc(156)] EACPolicyManager disconnecting client and clearing policy, scope=POLICY_SCOPE_USER
[12676:11816:0913/094022.011:VERBOSE1:eac_policy_store.cc(267)] EACPolicyStore clearing policy, scope=POLICY_SCOPE_USER
[12676:11816:0913/094022.011:VERBOSE1:eac_policy_manager.cc(141)] EACPolicyManager store loaded, scope=POLICY_SCOPE_USER
[12676:11816:0913/094022.011:VERBOSE1:eac_policy_manager.cc(101)] EACPolicyManager publishing policies, scope=POLICY_SCOPE_USER 00003384000343A0
[12676:11816:0913/094022.011:VERBOSE1:eac_policy_manager.cc(101)] EACPolicyManager publishing policies, scope=POLICY_SCOPE_USER 00003384000343A0
[12676:11816:0913/094022.011:VERBOSE1:eac_policy_manager.cc(156)] EACPolicyManager disconnecting client and clearing policy, scope=POLICY_SCOPE_MACHINE
[12676:11816:0913/094022.011:VERBOSE1:eac_policy_store.cc(267)] EACPolicyStore clearing policy, scope=POLICY_SCOPE_MACHINE
[12676:11816:0913/094022.011:VERBOSE1:eac_policy_manager.cc(141)] EACPolicyManager store loaded, scope=POLICY_SCOPE_MACHINE
[12676:11816:0913/094022.011:VERBOSE1:eac_policy_manager.cc(101)] EACPolicyManager publishing policies, scope=POLICY_SCOPE_MACHINE 00003380000AD200
[12676:11816:0913/094022.011:VERBOSE1:eac_policy_manager.cc(101)] EACPolicyManager publishing policies, scope=POLICY_SCOPE_MACHINE 00003380000AD200
[12676:11816:0913/094022.011:VERBOSE1:hyphenation_component_installer.cc(172)] Registering Hyphenation component.
[12676:11816:0913/094022.011:VERBOSE1:trust_token_key_commitments_component_installer.cc(30)] Registering Trust Token Key Commitments component.
[12676:15228:0913/094022.013:VERBOSE1:token_service_table.cc(178)] Loaded tokens: result = 3 ; number of tokens loaded = 0
[12676:12692:0913/094022.019:VERBOSE1:component_installer.cc(457)] StartRegistration for Edge AutoLaunch Protocols
[12676:12692:0913/094022.019:VERBOSE1:component_installer.cc(457)] StartRegistration for CRLSet
[12676:12692:0913/094022.020:VERBOSE1:component_installer.cc(457)] StartRegistration for Hyphenation
[12676:12692:0913/094022.020:VERBOSE1:component_installer.cc(457)] StartRegistration for Origin Trials
[12676:1992:0913/094022.021:VERBOSE1:component_installer.cc(457)] StartRegistration for Speech Recognition
[12676:12692:0913/094022.021:VERBOSE1:component_installer.cc(457)] StartRegistration for Subresource Filter Rules
[12676:1992:0913/094022.021:VERBOSE1:component_installer.cc(457)] StartRegistration for Trust Protection Lists
[12676:13980:0913/094022.021:VERBOSE1:component_installer.cc(457)] StartRegistration for Trust Token Key Commitments
[12676:15228:0913/094022.021:VERBOSE1:component_installer.cc(457)] StartRegistration for PKI Metadata
[12676:13980:0913/094022.022:VERBOSE1:component_installer.cc(457)] StartRegistration for Zxcvbn Data Dictionaries
[12676:16372:0913/094022.023:VERBOSE1:content_verifier.cc(875)] OnFetchComplete mhjfbmdgcfjbbpaeojofohoefgiehjai success:0
[12676:1992:0913/094022.024:VERBOSE1:component_installer.cc(292)] Preinstalled component found for Trust Protection Lists at C:\Users\Administrator\AppData\Local\Microsoft\Edge SxS\Application\130.0.2834.0\Trust Protection Lists with version 1.0.0.26.
[12676:16372:0913/094022.024:VERBOSE1:content_verifier.cc(875)] OnFetchComplete dgiklkfkllikcanfonkcabmbdfmgleag success:0
[12676:12692:0913/094022.021:VERBOSE1:component_installer.cc(457)] StartRegistration for Widevine Content Decryption Module
[12676:11816:0913/094022.024:ERROR:edge_auth_errors.cc(523)] EDGE_IDENTITY: Get Default OS Account failed: Error: Primary Error: kImplicitSignInFailure, Secondary Error: kAccountProviderFetchError, Platform error: 0, Error string: 

[12676:12692:0913/094022.026:VERBOSE1:component_installer.cc(292)] Preinstalled component found for Widevine Content Decryption Module at C:\Users\Administrator\AppData\Local\Microsoft\Edge SxS\Application\130.0.2834.0\WidevineCdm with version 4.10.2830.0.
[12676:11816:0913/094022.027:VERBOSE1:mutable_profile_oauth2_token_service_delegate.cc(641)] MutablePO2TS::OnWebDataServiceRequestDone. Result type: 6
[12676:11816:0913/094022.027:VERBOSE1:mutable_profile_oauth2_token_service_delegate.cc(699)] MutablePO2TS::LoadAllCredentialsIntoMemory; 0 redential(s).
[12676:11816:0913/094022.028:VERBOSE1:sync_session_durations_metrics_recorder.cc(200)] OnRefreshTokensLoaded
[12676:11816:0913/094022.028:VERBOSE1:sync_session_durations_metrics_recorder.cc(226)] UpdateSyncAndAccountStatus: new_sync_status: 1 new_signin_status: 2
[12676:11816:0913/094022.029:VERBOSE1:component_installer.cc(536)] FinishRegistration for Edge AutoLaunch Protocols
[12676:11816:0913/094022.029:VERBOSE1:component_updater_service.cc(168)] CrxUpdateService starting up. First update attempt will take place in 60 s seconds. Next update attempt will take place in 36000 s seconds. 
[12676:11816:0913/094022.029:VERBOSE1:component_installer.cc(536)] FinishRegistration for CRLSet
[12676:11816:0913/094022.029:VERBOSE1:component_installer.cc(536)] FinishRegistration for Hyphenation
[12676:11816:0913/094022.029:VERBOSE1:component_installer.cc(536)] FinishRegistration for Origin Trials
[12676:11816:0913/094022.029:VERBOSE1:component_installer.cc(536)] FinishRegistration for Speech Recognition
[12676:11816:0913/094022.029:VERBOSE1:component_installer.cc(536)] FinishRegistration for Subresource Filter Rules
[12676:11816:0913/094022.029:VERBOSE1:component_installer.cc(536)] FinishRegistration for Trust Token Key Commitments
[12676:11816:0913/094022.029:VERBOSE1:component_installer.cc(536)] FinishRegistration for PKI Metadata
[12676:11816:0913/094022.029:VERBOSE1:component_installer.cc(536)] FinishRegistration for Zxcvbn Data Dictionaries
[12676:11816:0913/094022.042:VERBOSE1:component_installer.cc(536)] FinishRegistration for Trust Protection Lists
[12676:11816:0913/094022.042:VERBOSE1:component_installer.cc(583)] Component ready, version 1.0.0.26 in C:\Users\Administrator\AppData\Local\Microsoft\Edge SxS\Application\130.0.2834.0\Trust Protection Lists
[12676:9512:0913/094022.049:WARNING:edge_storage_reserve.cc(141)] NtSetInformationFile (storage reserve) failed. NTSTATUS: -1073741790
[12676:11816:0913/094022.052:VERBOSE1:component_installer.cc(536)] FinishRegistration for Widevine Content Decryption Module
[12676:11816:0913/094022.052:VERBOSE1:component_installer.cc(583)] Component ready, version 4.10.2830.0 in C:\Users\Administrator\AppData\Local\Microsoft\Edge SxS\Application\130.0.2834.0\WidevineCdm
[12676:11816:0913/094022.053:VERBOSE1:widevine_cdm_component_installer.cc(109)] Registering Widevine CDM 4.10.2830.0 with Chrome
[12676:11816:0913/094022.056:VERBOSE1:embedded_browser_profile_impl.cc(441)] EmbeddedBrowserProfileImpl::GetOrCreateProfile: profile_name: , in_private_mode_enabled: 0
[12676:11816:0913/094022.056:VERBOSE1:embedded_browser_profile_impl.cc(252)] OnProfileLoaded: create the instance for profile_path: C:\WebView2Sample\WebView2Samples\GettingStartedGuides\Win32_GettingStarted\Release\WebView2GettingStarted.exe.WebView2\EBWebView\Default, in_private_mode_enabled: 0
[12676:11816:0913/094022.057:VERBOSE1:edge_share_features.cc(37)] IsEdgeShareEnabled returning 1
[12676:11816:0913/094022.058:VERBOSE1:profile_manager.cc(1628)] AddKeepAlive(Default, kBrowserWindow). keep_alives=[kWaitingForFirstBrowserWindow (1), kBrowserWindow (1)]
[12676:11816:0913/094022.058:VERBOSE1:profile_manager.cc(1701)] ClearFirstBrowserWindowKeepAlive(Default). keep_alives=[kBrowserWindow (1)]
[12676:11816:0913/094022.062:VERBOSE1:consumer_push_service.cc(58)] [E-tree]: hub_notification_store_ is nullptr.
[12676:11816:0913/094022.085:VERBOSE1:edge_share_features.cc(37)] IsEdgeShareEnabled returning 1
[12676:11816:0913/094022.099:VERBOSE1:edge_dash_service.cc(227)] EdgeDashService::ScheduleRefreshForAllTrackers
[12676:11816:0913/094022.100:VERBOSE1:pref_proxy_config_tracker_impl.cc(191)] 0000338400DE1900: set chrome proxy config service to 000033840020A580
[12676:11816:0913/094022.105:VERBOSE1:embedded_browser_impl.cc(1606)] [In Pre Handle Child Process]
[12676:11816:0913/094022.105:VERBOSE1:embedded_browser_impl.cc(3890)] [Browser Side: New Process Found] pid: 15948, type: kGpuProcess
[12676:11816:0913/094022.105:VERBOSE1:embedded_browser_impl.cc(3890)] [Browser Side: New Process Found] pid: 11164, type: kUtilityProcess
[12676:11816:0913/094022.124:VERBOSE1:edge_share_features.cc(37)] IsEdgeShareEnabled returning 1
[12676:5092:0913/094022.128:WARNING:edge_storage_reserve.cc(141)] NtSetInformationFile (storage reserve) failed. NTSTATUS: -1073741790
[12676:5092:0913/094022.133:WARNING:edge_storage_reserve.cc(141)] NtSetInformationFile (storage reserve) failed. NTSTATUS: -1073741790
[12676:11816:0913/094022.137:VERBOSE1:embedded_browser_proxy_url_loader_factory.cc(417)] EmbeddedBrowserProxyURLLoaderFactory::MaybeProxyURLLoaderFactory: created proxy: 0000338400C5A000, type: 2
[12676:11816:0913/094022.139:VERBOSE1:edge_share_features.cc(37)] IsEdgeShareEnabled returning 1
[12676:11816:0913/094022.141:VERBOSE1:embedded_browser_proxy_url_loader_factory.cc(417)] EmbeddedBrowserProxyURLLoaderFactory::MaybeProxyURLLoaderFactory: created proxy: 0000338400C59F00, type: 2
[12676:11816:0913/094022.141:VERBOSE1:embedded_browser_proxy_url_loader_factory.cc(417)] EmbeddedBrowserProxyURLLoaderFactory::MaybeProxyURLLoaderFactory: created proxy: 0000338400C59E00, type: 2
[12676:11816:0913/094022.141:VERBOSE1:embedded_browser_proxy_url_loader_factory.cc(417)] EmbeddedBrowserProxyURLLoaderFactory::MaybeProxyURLLoaderFactory: created proxy: 0000338400C59D00, type: 2
[12676:11816:0913/094022.141:VERBOSE1:embedded_browser_proxy_url_loader_factory.cc(417)] EmbeddedBrowserProxyURLLoaderFactory::MaybeProxyURLLoaderFactory: created proxy: 0000338400C59C00, type: 2
[12676:5092:0913/094022.142:WARNING:edge_storage_reserve.cc(141)] NtSetInformationFile (storage reserve) failed. NTSTATUS: -1073741790
[12676:11816:0913/094022.142:VERBOSE1:edge_share_features.cc(37)] IsEdgeShareEnabled returning 1
[15948:12208:0913/094022.158:WARNING:viz_main_impl.cc(85)] VizNullHypothesis is disabled (not a warning)
[12676:11816:0913/094022.159:VERBOSE1:embedded_browser_impl.cc(3890)] [Browser Side: New Process Found] pid: 15948, type: kGpuProcess
[12676:5092:0913/094022.163:WARNING:edge_storage_reserve.cc(141)] NtSetInformationFile (storage reserve) failed. NTSTATUS: -1073741790
[12676:11816:0913/094022.167:VERBOSE1:device_event_log_impl.cc(247)] [09:40:22.167] Display: EVENT: screen_win.cc:1146 Displays updated, count: 1
[12676:11816:0913/094022.167:VERBOSE1:device_event_log_impl.cc(247)] [09:40:22.167] Display: EVENT: screen_win.cc:1148 Display[2528732444] bounds=[0,0 1536x960], workarea=[0,0 1536x920], scale=1, rotation=0, panel_rotation=0 external detected
[12676:11816:0913/094022.175:VERBOSE1:gaia_cookie_manager_service.cc(852)] GaiaCookieManagerService::ListAccounts
[11164:12244:0913/094022.177:VERBOSE1:network_delegate.cc(36)] NetworkDelegate::NotifyBeforeURLRequest: https://config.edge.skype.com/config/v1/Edge/130.0.2834.0?clientId=-6427392789570159021&agents=EdgeConfig%2CEdgeFirstRunConfig&osname=win&client=webview&channel=canary&scpfre=0&osarch=x86_64&osver=10.0.17763&wu=0&devicefamily=server&uma=0&sessionid=2&mngd=0&installdate=1722341426&edu=0&soobedate=1611642144&fg=1
[12676:5092:0913/094022.180:WARNING:edge_storage_reserve.cc(141)] NtSetInformationFile (storage reserve) failed. NTSTATUS: -1073741790
[11164:12244:0913/094022.209:VERBOSE1:configured_proxy_resolution_service.cc(1216)] Failed configuring with PAC script, falling-back to manual proxy servers.
[11164:12244:0913/094022.217:VERBOSE1:configured_proxy_resolution_service.cc(1216)] Failed configuring with PAC script, falling-back to manual proxy servers.
[11164:12244:0913/094022.217:VERBOSE1:configured_proxy_resolution_service.cc(1216)] Failed configuring with PAC script, falling-back to manual proxy servers.
[12676:11816:0913/094022.223:VERBOSE1:embedded_browser_impl.cc(3890)] [Browser Side: New Process Found] pid: 10232, type: kUtilityProcess
[12676:11816:0913/094022.302:VERBOSE1:telemetry_service.cc(784)] NoConsent: Microsoft.WebBrowser.Security.PKI [components\telemetry_client\telemetry_service.cc(253)]
[15560:14932:0913/094022.344:INFO:cpu_info.cc(53)] Available number of cores: 4
[12676:11816:0913/094022.402:VERBOSE1:edge_share_features.cc(37)] IsEdgeShareEnabled returning 1
[12676:11816:0913/094022.403:VERBOSE1:edge_share_features.cc(37)] IsEdgeShareEnabled returning 1
[15560:14932:0913/094022.406:VERBOSE1:script_context.cc(167)] Created context:
  extension id:           (none)
  frame:                  000072D40014F8F8
  URL:                    
  context_type:           WEB_PAGE
  effective extension id: (none)
  effective context type: WEB_PAGE
[12676:11816:0913/094022.407:VERBOSE1:mutable_profile_oauth2_token_service_delegate.cc(544)] MutablePO2TS::RefreshTokenIsAvailable
[15560:14932:0913/094022.407:VERBOSE1:script_context.cc(167)] Created context:
  extension id:           (none)
  frame:                  0000000000000000
  URL:                    
  context_type:           UNSPECIFIED
  effective extension id: (none)
  effective context type: UNSPECIFIED
[15560:14932:0913/094022.407:VERBOSE1:dispatcher.cc(470)] Num tracked contexts: 1
[12676:11816:0913/094022.410:VERBOSE1:edge_share_features.cc(37)] IsEdgeShareEnabled returning 1
[12676:11816:0913/094022.415:VERBOSE1:edge_share_features.cc(37)] IsEdgeShareEnabled returning 1
[11164:12244:0913/094023.385:VERBOSE1:network_delegate.cc(36)] NetworkDelegate::NotifyBeforeURLRequest: https://config.edge.skype.com/config/v1/Edge/130.0.2834.0?clientId=-6427392789570159021&agents=EdgeRuntimeConfig%2CEdgeDomainActions&osname=win&client=webview&channel=canary&scpfre=0&osarch=x86_64&osver=10.0.17763&wu=0&devicefamily=server&uma=0&sessionid=2&mngd=0&installdate=1722341426&edu=0&soobedate=1611642144&fg=1
[12676:11816:0913/094023.878:VERBOSE1:profile_manager.cc(1628)] AddKeepAlive(Default, kSessionDataDeleter). keep_alives=[kBrowserWindow (1), kSessionDataDeleter (1)]
[12676:11816:0913/094023.878:VERBOSE1:internet_explorer_session_host_pool_win.cc(22)] Session host list contains 0session.
[12676:11816:0913/094023.900:VERBOSE1:standalone_sidebar_manager.cc(355)] StandaloneSidebarManager_OnAppTerminating
[12676:11816:0913/094023.907:VERBOSE1:sync_session_durations_metrics_recorder.cc(113)] Session end
[12676:11816:0913/094023.909:VERBOSE1:eac_user_policy_signin_service.cc(200)] EACUserPolicySigninService shutting down
[12676:11816:0913/094023.909:VERBOSE1:eac_policy_manager.cc(77)] EACPolicyManager shutting down, scope=POLICY_SCOPE_USER
[12676:11816:0913/094023.909:VERBOSE1:eac_policy_manager.cc(77)] EACPolicyManager shutting down, scope=POLICY_SCOPE_MACHINE
[12676:11816:0913/094023.909:VERBOSE1:account_reconcilor.cc(267)] AccountReconcilor::Shutdown
[12676:11816:0913/094023.909:VERBOSE1:account_reconcilor.cc(721)] AccountReconcilor::AbortReconcile: try again later
[12676:11816:0913/094023.909:VERBOSE1:account_reconcilor.cc(830)] AccountReconcilor::CalculateIfMultiloginReconcileIsDone: Error was 
[12676:11816:0913/094023.909:VERBOSE1:account_reconcilor.cc(316)] AccountReconcilor::UnregisterWithIdentityManager
[12676:11816:0913/094023.909:VERBOSE1:account_reconcilor.cc(289)] AccountReconcilor::UnregisterWithContentSettings
[12676:11816:0913/094023.909:VERBOSE1:gaia_cookie_manager_service.cc(633)] GaiaCookieManagerService::CancelAll
[12676:11816:0913/094023.909:VERBOSE1:mutable_profile_oauth2_token_service_delegate.cc(991)] MutablePO2TS::Shutdown
[12676:11816:0913/094023.909:VERBOSE1:mutable_profile_oauth2_token_service_delegate.cc(341)] MutablePO2TS::~MutablePO2TS
[12676:11816:0913/094023.910:VERBOSE1:device_event_log_impl.cc(247)] [09:40:23.910] Bluetooth: EVENT: bluetooth_api.cc:109 BluetoothAPI: Shutdown
[12676:11816:0913/094023.913:VERBOSE1:account_reconcilor.cc(196)] AccountReconcilor::~AccountReconcilor
[12676:11816:0913/094023.919:VERBOSE1:device_event_log_impl.cc(247)] [09:40:23.918] Bluetooth: EVENT: bluetooth_api.cc:95 ~BluetoothAPI: 0000338400122E40
[12676:11816:0913/094023.922:VERBOSE1:eac_policy_manager.cc(77)] EACPolicyManager shutting down, scope=POLICY_SCOPE_USER
[12676:11816:0913/094023.930:VERBOSE1:eac_policy_manager.cc(77)] EACPolicyManager shutting down, scope=POLICY_SCOPE_MACHINE
[12676:11816:0913/094023.932:VERBOSE1:eac_policy_manager.cc(77)] EACPolicyManager shutting down, scope=POLICY_SCOPE_MACHINE
[12676:15988:0913/094023.983:VERBOSE1:edge_hub_app_usage_database.cc(43)] ~EdgeHubAppUsageDatabase called
[12676:11816:0913/094023.986:VERBOSE1:component_updater_service.cc(185)] CrxUpdateService stopping
