[11688:4420:0918/192023.102:WARNING:chrome_main_delegate.cc(844)] This is Chrome version 130.0.2841.0 (not a warning)
[11688:4420:0918/192023.272:VERBOSE1:eac_policy_manager.cc(30)] EACPolicyManager::Create C:\WebView2Sample\WebView2Samples\GettingStartedGuides\Win32_GettingStarted\Debug\WebView2GettingStarted.exe.WebView2\EBWebView 1
[11688:4420:0918/192023.272:VERBOSE1:eac_policy_store.cc(134)] EACPolicyStore load from disk failed: no policy file exists at C:\WebView2Sample\WebView2Samples\GettingStartedGuides\Win32_GettingStarted\Debug\WebView2GettingStarted.exe.WebView2\EBWebView\Policy\Machine Policy
[11688:4420:0918/192023.273:VERBOSE1:eac_policy_store.cc(211)] EACPolicyStore policy loaded: result.status=EACPolicyLoadStatusForUma(1), scope=POLICY_SCOPE_MACHINE
[11688:4420:0918/192023.273:VERBOSE1:eac_policy_store.cc(220)] EACPolicyStore policy load failed: No policy found on disk, scope=POLICY_SCOPE_MACHINE
[11688:4420:0918/192023.274:VERBOSE1:eac_policy_manager.cc(61)] EACPolicyManager initializing, scope=POLICY_SCOPE_MACHINE 00003998000ACFC0
[11688:4420:0918/192023.274:VERBOSE1:eac_policy_manager.cc(141)] EACPolicyManager store loaded, scope=POLICY_SCOPE_MACHINE
[11688:4420:0918/192023.274:VERBOSE1:eac_policy_manager.cc(101)] EACPolicyManager publishing policies, scope=POLICY_SCOPE_MACHINE 00003998000ACFC0
[11688:4420:0918/192023.281:VERBOSE1:variations_field_trial_creator_base.cc(106)] VariationsSeedUsage:0
[11688:4420:0918/192023.281:VERBOSE1:variations_field_trial_creator_base.cc(979)] CreateTrialsFromSeed complete with seed.version=''
[11688:4420:0918/192023.281:VERBOSE1:variations_field_trial_creator_base.cc(479)] VariationsSetupComplete
[11688:4420:0918/192023.339:VERBOSE1:webrtc_event_log_manager.cc(97)] WebRTC remote-bound event logging enabled.
[11688:4420:0918/192023.343:VERBOSE1:pref_proxy_config_tracker_impl.cc(191)] 0000399C00148300: set chrome proxy config service to 0000399C001F4000
[11688:4420:0918/192023.359:VERBOSE1:device_event_log_impl.cc(247)] [19:20:23.359] Display: EVENT: screen_win.cc:1146 Displays updated, count: 1
[11688:4420:0918/192023.359:VERBOSE1:device_event_log_impl.cc(247)] [19:20:23.359] Display: EVENT: screen_win.cc:1148 Display[2528732444] bounds=[0,0 1536x960], workarea=[0,0 1536x920], scale=1, rotation=0, panel_rotation=0 external detected
[11688:6228:0918/192023.366:VERBOSE1:media_stream_manager.cc(1542)] MSM::InitializeMaybeAsync([this=0000399C000BEA00])
[11688:6228:0918/192023.366:VERBOSE1:media_stream_manager.cc(1542)] MDM::MediaDevicesManager()
[11688:6228:0918/192023.366:VERBOSE1:media_stream_manager.cc(1542)] MSM::MediaStreamManager([this=0000399C000BEA00]))
[11688:12348:0918/192023.380:WARNING:edge_storage_reserve.cc(141)] NtSetInformationFile (storage reserve) failed. NTSTATUS: -1073741790
[11688:4420:0918/192023.411:VERBOSE1:telemetry_service.cc(784)] NoConsent: Microsoft.WebBrowser.SystemInfo.Config [components\telemetry_client\telemetry_service.cc(253)]
[11688:8860:0918/192023.414:VERBOSE1:chrome_browser_main.cc(995)] EdgeTryInitWindowTabManager start
[11688:8860:0918/192023.414:VERBOSE1:wtm_interface_factory.cc(63)] WTM is not used for WebView.
[11688:4420:0918/192023.417:VERBOSE1:chrome_browser_cloud_management_controller.cc(161)] Cloud management controller initialization aborted as CBCM is not enabled. Please use the `--enable-chrome-browser-cloud-management` command line flag to enable it if you are not using the official Google Chrome build.
[11688:4420:0918/192023.418:VERBOSE1:edge_share_features.cc(97)] IsEdgeShareEnhancedCopyPasteEnabled returning 1
[11688:4420:0918/192023.418:VERBOSE1:wam_account_manager.cc(651)] wam_default_account_token_fetcher::StartFetchingTokenForImplicitSignin: Calling API
[11688:4420:0918/192023.424:VERBOSE1:platform_auth_policy_observer.cc(69)] PlatformAuthProviderManager enabled: 0
[11688:4420:0918/192023.428:VERBOSE1:eac_policy_manager.cc(30)] EACPolicyManager::Create C:\WebView2Sample\WebView2Samples\GettingStartedGuides\Win32_GettingStarted\Debug\WebView2GettingStarted.exe.WebView2\EBWebView\Default 1
[11688:4420:0918/192023.428:VERBOSE1:eac_policy_store.cc(134)] EACPolicyStore load from disk failed: no policy file exists at C:\WebView2Sample\WebView2Samples\GettingStartedGuides\Win32_GettingStarted\Debug\WebView2GettingStarted.exe.WebView2\EBWebView\Default\Policy\User Policy
[11688:4420:0918/192023.428:VERBOSE1:eac_policy_store.cc(211)] EACPolicyStore policy loaded: result.status=EACPolicyLoadStatusForUma(1), scope=POLICY_SCOPE_USER
[11688:4420:0918/192023.428:VERBOSE1:eac_policy_store.cc(220)] EACPolicyStore policy load failed: No policy found on disk, scope=POLICY_SCOPE_USER
[11688:4420:0918/192023.428:VERBOSE1:eac_policy_manager.cc(61)] EACPolicyManager initializing, scope=POLICY_SCOPE_USER 0000399C0002FB80
[11688:4420:0918/192023.428:VERBOSE1:eac_policy_manager.cc(141)] EACPolicyManager store loaded, scope=POLICY_SCOPE_USER
[11688:4420:0918/192023.428:VERBOSE1:eac_policy_manager.cc(101)] EACPolicyManager publishing policies, scope=POLICY_SCOPE_USER 0000399C0002FB80
[11688:4420:0918/192023.437:VERBOSE1:edge_share_features.cc(37)] IsEdgeShareEnabled returning 1
[11688:4420:0918/192023.458:VERBOSE1:mutable_profile_oauth2_token_service_delegate.cc(331)] MutablePO2TS::MutablePO2TS
[11688:4420:0918/192023.458:VERBOSE1:pref_proxy_config_tracker_impl.cc(191)] 0000399C00149200: set chrome proxy config service to 0000399C001F5340
[11688:4420:0918/192023.461:VERBOSE1:pref_proxy_config_tracker_impl.cc(191)] 0000399C00149500: set chrome proxy config service to 0000399C001F5F80
[11688:4420:0918/192023.462:VERBOSE1:edge_share_features.cc(97)] IsEdgeShareEnhancedCopyPasteEnabled returning 1
[11688:4420:0918/192023.462:VERBOSE1:edge_share_features.cc(97)] IsEdgeShareEnhancedCopyPasteEnabled returning 1
[11688:4420:0918/192023.462:VERBOSE1:device_event_log_impl.cc(247)] [19:20:23.462] Bluetooth: EVENT: bluetooth_api.cc:82 BluetoothAPI: 0000399C00113080
[11688:4420:0918/192023.463:VERBOSE1:gaia_auth_util.cc(51)] Canonicalized @gmail.com to @gmail.com
[11688:4420:0918/192023.463:VERBOSE1:gaia_auth_util.cc(51)] Canonicalized @gmail.com to @gmail.com
[11688:12312:0918/192023.465:VERBOSE1:token_service_table.cc(178)] Loaded tokens: result = 3 ; number of tokens loaded = 0
[11688:4420:0918/192023.466:VERBOSE1:bluetooth_low_energy_event_router.cc(294)] Initializing BluetoothLowEnergyEventRouter.
[11688:4420:0918/192023.467:WARNING:activity_log_policy.cc(68)] Scheduling init
[11688:4420:0918/192023.467:WARNING:activity_log_policy.cc(68)] Scheduling init
[11688:12312:0918/192023.468:WARNING:edge_storage_reserve.cc(141)] NtSetInformationFile (storage reserve) failed. NTSTATUS: -1073741790
[11688:4420:0918/192023.480:VERBOSE1:network_primary_browser_service.cc(729)] WatchCrossDevicePrimaryBrowserFromPreference(): attaching listener
[11688:4420:0918/192023.480:VERBOSE1:network_primary_browser_service.cc(763)] TryLogCrossDevicePrimaryBrowserFromPreference(): data not available
[11688:4420:0918/192023.481:VERBOSE1:extension_service.cc(1849)] AddComponentExtension Microsoft Edge PDF Viewer
[11688:4420:0918/192023.483:VERBOSE1:extension_service.cc(1849)] AddComponentExtension Microsoft Clipboard Extension
[11688:6228:0918/192023.483:VERBOSE1:content_verifier.cc(875)] OnFetchComplete mhjfbmdgcfjbbpaeojofohoefgiehjai success:0
[11688:6228:0918/192023.484:VERBOSE1:content_verifier.cc(875)] OnFetchComplete dgiklkfkllikcanfonkcabmbdfmgleag success:0
[11688:4420:0918/192023.485:VERBOSE1:account_reconcilor.cc(189)] AccountReconcilor::AccountReconcilor
[11688:4420:0918/192023.485:VERBOSE1:account_reconcilor.cc(227)] AccountReconcilor::Initialize
[11688:4420:0918/192023.485:VERBOSE1:profile_manager.cc(2353)] ForceSigninCheck: 0, 0, 1
[11688:4420:0918/192023.485:VERBOSE1:sync_session_durations_metrics_recorder.cc(81)] Ready to track Session.TotalDuration metrics
[11688:4420:0918/192023.489:VERBOSE1:eac_user_policy_signin_service.cc(182)] EACUserPolicySigninService initializing on profile ready event
[11688:4420:0918/192023.489:VERBOSE1:eac_user_policy_signin_service.cc(222)] EACUserPolicySigninService shutting down EACPolicyManager
[11688:4420:0918/192023.489:VERBOSE1:eac_policy_manager.cc(156)] EACPolicyManager disconnecting client and clearing policy, scope=POLICY_SCOPE_USER
[11688:4420:0918/192023.489:VERBOSE1:eac_policy_store.cc(267)] EACPolicyStore clearing policy, scope=POLICY_SCOPE_USER
[11688:4420:0918/192023.489:VERBOSE1:eac_policy_manager.cc(141)] EACPolicyManager store loaded, scope=POLICY_SCOPE_USER
[11688:4420:0918/192023.489:VERBOSE1:eac_policy_manager.cc(101)] EACPolicyManager publishing policies, scope=POLICY_SCOPE_USER 0000399C0002FB80
[11688:4420:0918/192023.489:VERBOSE1:eac_policy_manager.cc(101)] EACPolicyManager publishing policies, scope=POLICY_SCOPE_USER 0000399C0002FB80
[11688:4420:0918/192023.489:VERBOSE1:eac_policy_manager.cc(156)] EACPolicyManager disconnecting client and clearing policy, scope=POLICY_SCOPE_MACHINE
[11688:4420:0918/192023.490:VERBOSE1:eac_policy_store.cc(267)] EACPolicyStore clearing policy, scope=POLICY_SCOPE_MACHINE
[11688:4420:0918/192023.490:VERBOSE1:eac_policy_manager.cc(141)] EACPolicyManager store loaded, scope=POLICY_SCOPE_MACHINE
[11688:4420:0918/192023.490:VERBOSE1:eac_policy_manager.cc(101)] EACPolicyManager publishing policies, scope=POLICY_SCOPE_MACHINE 00003998000ACFC0
[11688:4420:0918/192023.490:VERBOSE1:eac_policy_manager.cc(101)] EACPolicyManager publishing policies, scope=POLICY_SCOPE_MACHINE 00003998000ACFC0
[11688:4420:0918/192023.490:VERBOSE1:hyphenation_component_installer.cc(172)] Registering Hyphenation component.
[11688:11028:0918/192023.490:VERBOSE1:component_installer.cc(457)] StartRegistration for Edge AutoLaunch Protocols
[11688:12332:0918/192023.490:VERBOSE1:component_installer.cc(457)] StartRegistration for Hyphenation
[11688:4420:0918/192023.490:VERBOSE1:trust_token_key_commitments_component_installer.cc(30)] Registering Trust Token Key Commitments component.
[11688:12324:0918/192023.490:VERBOSE1:component_installer.cc(457)] StartRegistration for Origin Trials
[11688:12336:0918/192023.491:VERBOSE1:component_installer.cc(457)] StartRegistration for Speech Recognition
[11688:12324:0918/192023.492:VERBOSE1:component_installer.cc(457)] StartRegistration for Subresource Filter Rules
[11688:11028:0918/192023.492:VERBOSE1:component_installer.cc(457)] StartRegistration for Trust Protection Lists
[11688:12336:0918/192023.492:VERBOSE1:component_installer.cc(457)] StartRegistration for Trust Token Key Commitments
[11688:12312:0918/192023.490:VERBOSE1:component_installer.cc(457)] StartRegistration for CRLSet
[11688:12332:0918/192023.493:VERBOSE1:component_installer.cc(457)] StartRegistration for Widevine Content Decryption Module
[11688:12312:0918/192023.494:VERBOSE1:component_installer.cc(457)] StartRegistration for PKI Metadata
[11688:12332:0918/192023.494:VERBOSE1:component_installer.cc(292)] Preinstalled component found for Widevine Content Decryption Module at C:\Users\Administrator\AppData\Local\Microsoft\Edge SxS\Application\130.0.2841.0\WidevineCdm with version 4.10.2830.0.
[11688:12332:0918/192023.495:VERBOSE1:component_installer.cc(457)] StartRegistration for Zxcvbn Data Dictionaries
[11688:11028:0918/192023.495:VERBOSE1:component_installer.cc(292)] Preinstalled component found for Trust Protection Lists at C:\Users\Administrator\AppData\Local\Microsoft\Edge SxS\Application\130.0.2841.0\Trust Protection Lists with version 1.0.0.26.
[11688:4420:0918/192023.500:ERROR:edge_auth_errors.cc(523)] EDGE_IDENTITY: Get Default OS Account failed: Error: Primary Error: kImplicitSignInFailure, Secondary Error: kAccountProviderFetchError, Platform error: 0, Error string: 

[11688:4420:0918/192023.501:VERBOSE1:mutable_profile_oauth2_token_service_delegate.cc(641)] MutablePO2TS::OnWebDataServiceRequestDone. Result type: 6
[11688:4420:0918/192023.501:VERBOSE1:mutable_profile_oauth2_token_service_delegate.cc(699)] MutablePO2TS::LoadAllCredentialsIntoMemory; 0 redential(s).
[11688:4420:0918/192023.501:VERBOSE1:sync_session_durations_metrics_recorder.cc(200)] OnRefreshTokensLoaded
[11688:4420:0918/192023.501:VERBOSE1:sync_session_durations_metrics_recorder.cc(226)] UpdateSyncAndAccountStatus: new_sync_status: 1 new_signin_status: 2
[11688:4420:0918/192023.503:VERBOSE1:component_installer.cc(536)] FinishRegistration for Origin Trials
[11688:4420:0918/192023.503:VERBOSE1:component_updater_service.cc(168)] CrxUpdateService starting up. First update attempt will take place in 60 s seconds. Next update attempt will take place in 36000 s seconds. 
[11688:4420:0918/192023.503:VERBOSE1:component_installer.cc(583)] Component ready, version 0.0.1.7 in C:\WebView2Sample\WebView2Samples\GettingStartedGuides\Win32_GettingStarted\Debug\WebView2GettingStarted.exe.WebView2\EBWebView\OriginTrials\0.0.1.7
[11688:4420:0918/192023.503:VERBOSE1:component_installer.cc(536)] FinishRegistration for Edge AutoLaunch Protocols
[11688:4420:0918/192023.503:VERBOSE1:component_installer.cc(583)] Component ready, version 1.0.0.8 in C:\WebView2Sample\WebView2Samples\GettingStartedGuides\Win32_GettingStarted\Debug\WebView2GettingStarted.exe.WebView2\EBWebView\AutoLaunchProtocolsComponent\1.0.0.8
[11688:4420:0918/192023.503:VERBOSE1:component_installer.cc(536)] FinishRegistration for Speech Recognition
[11688:4420:0918/192023.503:VERBOSE1:component_installer.cc(583)] Component ready, version 1.15.0.1 in C:\WebView2Sample\WebView2Samples\GettingStartedGuides\Win32_GettingStarted\Debug\WebView2GettingStarted.exe.WebView2\EBWebView\Speech Recognition\1.15.0.1
[11688:4420:0918/192023.503:VERBOSE1:component_installer.cc(536)] FinishRegistration for Hyphenation
[11688:4420:0918/192023.503:VERBOSE1:component_installer.cc(583)] Component ready, version 101.0.4906.0 in C:\WebView2Sample\WebView2Samples\GettingStartedGuides\Win32_GettingStarted\Debug\WebView2GettingStarted.exe.WebView2\EBWebView\hyphen-data\101.0.4906.0
[11688:4420:0918/192023.503:VERBOSE1:hyphenation_component_installer.cc(124)] Hyphenation Component ready, version 101.0.4906.0 in C:\WebView2Sample\WebView2Samples\GettingStartedGuides\Win32_GettingStarted\Debug\WebView2GettingStarted.exe.WebView2\EBWebView\hyphen-data\101.0.4906.0
[11688:4420:0918/192023.503:VERBOSE1:component_installer.cc(536)] FinishRegistration for CRLSet
[11688:4420:0918/192023.503:VERBOSE1:component_installer.cc(583)] Component ready, version 6498.2023.8.1 in C:\WebView2Sample\WebView2Samples\GettingStartedGuides\Win32_GettingStarted\Debug\WebView2GettingStarted.exe.WebView2\EBWebView\CertificateRevocation\6498.2023.8.1
[11688:4420:0918/192023.503:VERBOSE1:component_installer.cc(536)] FinishRegistration for Widevine Content Decryption Module
[11688:4420:0918/192023.503:VERBOSE1:component_installer.cc(583)] Component ready, version 4.10.2830.0 in C:\Users\Administrator\AppData\Local\Microsoft\Edge SxS\Application\130.0.2841.0\WidevineCdm
[11688:4420:0918/192023.503:VERBOSE1:component_installer.cc(536)] FinishRegistration for PKI Metadata
[11688:4420:0918/192023.504:VERBOSE1:component_installer.cc(583)] Component ready, version 14.0.0.0 in C:\WebView2Sample\WebView2Samples\GettingStartedGuides\Win32_GettingStarted\Debug\WebView2GettingStarted.exe.WebView2\EBWebView\PKIMetadata\14.0.0.0
[11688:4420:0918/192023.504:VERBOSE1:component_installer.cc(536)] FinishRegistration for Trust Token Key Commitments
[11688:4420:0918/192023.504:VERBOSE1:component_installer.cc(583)] Component ready, version 2024.9.14.1 in C:\WebView2Sample\WebView2Samples\GettingStartedGuides\Win32_GettingStarted\Debug\WebView2GettingStarted.exe.WebView2\EBWebView\TrustTokenKeyCommitments\2024.9.14.1
[11688:4420:0918/192023.504:VERBOSE1:trust_token_key_commitments_component_installer_policy.cc(118)] Component ready, version 2024.9.14.1 in C:\WebView2Sample\WebView2Samples\GettingStartedGuides\Win32_GettingStarted\Debug\WebView2GettingStarted.exe.WebView2\EBWebView\TrustTokenKeyCommitments\2024.9.14.1
[11688:4420:0918/192023.504:VERBOSE1:component_installer.cc(536)] FinishRegistration for Subresource Filter Rules
[11688:4420:0918/192023.504:VERBOSE1:component_installer.cc(583)] Component ready, version 10.34.0.55 in C:\WebView2Sample\WebView2Samples\GettingStartedGuides\Win32_GettingStarted\Debug\WebView2GettingStarted.exe.WebView2\EBWebView\Subresource Filter\Unindexed Rules\10.34.0.55
[11688:4420:0918/192023.504:VERBOSE1:component_installer.cc(536)] FinishRegistration for Trust Protection Lists
[11688:4420:0918/192023.504:VERBOSE1:component_installer.cc(583)] Component ready, version 1.0.0.26 in C:\Users\Administrator\AppData\Local\Microsoft\Edge SxS\Application\130.0.2841.0\Trust Protection Lists
[11688:4420:0918/192023.504:VERBOSE1:component_installer.cc(536)] FinishRegistration for Zxcvbn Data Dictionaries
[11688:4420:0918/192023.504:VERBOSE1:component_installer.cc(583)] Component ready, version 3.0.0.0 in C:\WebView2Sample\WebView2Samples\GettingStartedGuides\Win32_GettingStarted\Debug\WebView2GettingStarted.exe.WebView2\EBWebView\ZxcvbnData\3.0.0.0
[11688:4420:0918/192023.530:VERBOSE1:widevine_cdm_component_installer.cc(109)] Registering Widevine CDM 4.10.2830.0 with Chrome
[11688:4420:0918/192023.547:VERBOSE1:embedded_browser_profile_impl.cc(430)] EmbeddedBrowserProfileImpl::GetOrCreateProfile: profile_name: , in_private_mode_enabled: 0
[11688:4420:0918/192023.549:VERBOSE1:embedded_browser_profile_impl.cc(241)] OnProfileLoaded: create the instance for profile_path: C:\WebView2Sample\WebView2Samples\GettingStartedGuides\Win32_GettingStarted\Debug\WebView2GettingStarted.exe.WebView2\EBWebView\Default, in_private_mode_enabled: 0
[11688:4420:0918/192023.555:VERBOSE1:edge_share_features.cc(37)] IsEdgeShareEnabled returning 1
[11688:4420:0918/192023.560:VERBOSE1:profile_manager.cc(1633)] AddKeepAlive(Default, kBrowserWindow). keep_alives=[kWaitingForFirstBrowserWindow (1), kBrowserWindow (1)]
[11688:4420:0918/192023.560:VERBOSE1:profile_manager.cc(1706)] ClearFirstBrowserWindowKeepAlive(Default). keep_alives=[kBrowserWindow (1)]
[11688:4420:0918/192023.586:VERBOSE1:consumer_push_service.cc(58)] [E-tree]: hub_notification_store_ is nullptr.
[11688:4420:0918/192023.648:VERBOSE1:edge_share_features.cc(37)] IsEdgeShareEnabled returning 1
[11688:4420:0918/192023.679:VERBOSE1:edge_dash_service.cc(227)] EdgeDashService::ScheduleRefreshForAllTrackers
[11688:4420:0918/192023.684:VERBOSE1:pref_proxy_config_tracker_impl.cc(191)] 0000399C00DC9600: set chrome proxy config service to 0000399C001F9780
[12372:12376:0918/192023.685:WARNING:viz_main_impl.cc(85)] VizNullHypothesis is disabled (not a warning)
[11688:4420:0918/192023.702:VERBOSE1:embedded_browser_impl.cc(1526)] [In Pre Handle Child Process]
[11688:4420:0918/192023.702:VERBOSE1:embedded_browser_impl.cc(3815)] [Browser Side: New Process Found] pid: 12372, type: kGpuProcess
[11688:4420:0918/192023.745:VERBOSE1:edge_share_features.cc(37)] IsEdgeShareEnabled returning 1
[11688:12348:0918/192023.760:WARNING:edge_storage_reserve.cc(141)] NtSetInformationFile (storage reserve) failed. NTSTATUS: -1073741790
[12392:12560:0918/192023.769:VERBOSE1:configured_proxy_resolution_service.cc(1216)] Failed configuring with PAC script, falling-back to manual proxy servers.
[12392:12560:0918/192023.769:VERBOSE1:configured_proxy_resolution_service.cc(1216)] Failed configuring with PAC script, falling-back to manual proxy servers.
[12392:12560:0918/192023.770:VERBOSE1:configured_proxy_resolution_service.cc(1216)] Failed configuring with PAC script, falling-back to manual proxy servers.
[11688:4420:0918/192023.779:VERBOSE1:embedded_browser_proxy_url_loader_factory.cc(417)] EmbeddedBrowserProxyURLLoaderFactory::MaybeProxyURLLoaderFactory: created proxy: 0000399C00E1E000, type: 2
[11688:4420:0918/192023.783:VERBOSE1:edge_share_features.cc(37)] IsEdgeShareEnabled returning 1
[11688:4420:0918/192023.790:VERBOSE1:embedded_browser_proxy_url_loader_factory.cc(417)] EmbeddedBrowserProxyURLLoaderFactory::MaybeProxyURLLoaderFactory: created proxy: 0000399C00E1DF00, type: 2
[11688:4420:0918/192023.791:VERBOSE1:embedded_browser_proxy_url_loader_factory.cc(417)] EmbeddedBrowserProxyURLLoaderFactory::MaybeProxyURLLoaderFactory: created proxy: 0000399C00E1DE00, type: 2
[11688:4420:0918/192023.791:VERBOSE1:embedded_browser_proxy_url_loader_factory.cc(417)] EmbeddedBrowserProxyURLLoaderFactory::MaybeProxyURLLoaderFactory: created proxy: 0000399C00E1DD00, type: 2
[11688:4420:0918/192023.791:VERBOSE1:embedded_browser_proxy_url_loader_factory.cc(417)] EmbeddedBrowserProxyURLLoaderFactory::MaybeProxyURLLoaderFactory: created proxy: 0000399C00E1DC00, type: 2
[11688:4420:0918/192023.796:VERBOSE1:edge_share_features.cc(37)] IsEdgeShareEnabled returning 1
[11688:4420:0918/192023.811:VERBOSE1:embedded_browser_impl.cc(3815)] [Browser Side: New Process Found] pid: 12392, type: kUtilityProcess
[11688:4420:0918/192023.812:VERBOSE1:embedded_browser_impl.cc(3815)] [Browser Side: New Process Found] pid: 12464, type: kUtilityProcess
[11688:4420:0918/192023.812:VERBOSE1:embedded_browser_impl.cc(3815)] [Browser Side: New Process Found] pid: 12372, type: kGpuProcess
[11688:4420:0918/192023.818:VERBOSE1:gaia_cookie_manager_service.cc(852)] GaiaCookieManagerService::ListAccounts
[11688:4420:0918/192023.823:VERBOSE1:device_event_log_impl.cc(247)] [19:20:23.823] Display: EVENT: screen_win.cc:1146 Displays updated, count: 1
[11688:4420:0918/192023.823:VERBOSE1:device_event_log_impl.cc(247)] [19:20:23.823] Display: EVENT: screen_win.cc:1148 Display[2528732444] bounds=[0,0 1536x960], workarea=[0,0 1536x920], scale=1, rotation=0, panel_rotation=0 external detected
[11688:12348:0918/192023.832:WARNING:edge_storage_reserve.cc(141)] NtSetInformationFile (storage reserve) failed. NTSTATUS: -1073741790
[11688:12348:0918/192023.878:WARNING:edge_storage_reserve.cc(141)] NtSetInformationFile (storage reserve) failed. NTSTATUS: -1073741790
[11688:12348:0918/192023.916:WARNING:edge_storage_reserve.cc(141)] NtSetInformationFile (storage reserve) failed. NTSTATUS: -1073741790
[11688:12348:0918/192023.924:WARNING:edge_storage_reserve.cc(141)] NtSetInformationFile (storage reserve) failed. NTSTATUS: -1073741790
[12608:12612:0918/192023.938:INFO:cpu_info.cc(53)] Available number of cores: 4
[11688:4420:0918/192024.180:VERBOSE1:edge_share_features.cc(37)] IsEdgeShareEnabled returning 1
[11688:4420:0918/192024.184:VERBOSE1:edge_share_features.cc(37)] IsEdgeShareEnabled returning 1
[12608:12612:0918/192024.195:VERBOSE1:script_context.cc(167)] Created context:
  extension id:           (none)
  frame:                  0000473C0014F8F8
  URL:                    
  context_type:           WEB_PAGE
  effective extension id: (none)
  effective context type: WEB_PAGE
[12608:12612:0918/192024.195:VERBOSE1:script_context.cc(167)] Created context:
  extension id:           (none)
  frame:                  0000000000000000
  URL:                    
  context_type:           UNSPECIFIED
  effective extension id: (none)
  effective context type: UNSPECIFIED
[11688:4420:0918/192024.195:VERBOSE1:mutable_profile_oauth2_token_service_delegate.cc(544)] MutablePO2TS::RefreshTokenIsAvailable
[12608:12612:0918/192024.196:VERBOSE1:dispatcher.cc(557)] Num tracked contexts: 1
[11688:4420:0918/192024.198:VERBOSE1:edge_share_features.cc(37)] IsEdgeShareEnabled returning 1
[11688:4420:0918/192024.205:VERBOSE1:edge_share_features.cc(37)] IsEdgeShareEnabled returning 1
[11688:6228:0918/192026.213:VERBOSE1:win_util.cc(1351)] Checking if internal user
[11688:4420:0918/192026.213:VERBOSE1:personalized_data_collection_consent_state_manager_service.cc(137)] PersonalizedDataCollectionConsentStateManagerService::OnAccountInfoForSANcan_prompt : 1
[11688:4420:0918/192026.214:VERBOSE1:profile_manager.cc(1633)] AddKeepAlive(Default, kExtensionUpdater). keep_alives=[kBrowserWindow (1), kExtensionUpdater (1)]
[11688:4420:0918/192026.214:VERBOSE1:profile_manager.cc(1685)] RemoveKeepAlive(Default, kExtensionUpdater). keep_alives=[kBrowserWindow (1)]
[11688:9176:0918/192026.344:VERBOSE1:trust_token_key_commitments_component_installer_policy.cc(55)] Reading trust token key commitments from file: C:\WebView2Sample\WebView2Samples\GettingStartedGuides\Win32_GettingStarted\Debug\WebView2GettingStarted.exe.WebView2\EBWebView\TrustTokenKeyCommitments\2024.9.14.1\keys.json
[11688:12184:0918/192026.364:VERBOSE1:zxcvbn_data_component_installer.cc(79)] Failed to memory map file from C:\WebView2Sample\WebView2Samples\GettingStartedGuides\Win32_GettingStarted\Debug\WebView2GettingStarted.exe.WebView2\EBWebView\ZxcvbnData\3.0.0.0\ranked_dicts
[12392:12560:0918/192026.364:VERBOSE1:trust_token_key_commitment_parser.cc(241)] Successfully parsed 6 issuers' Trust Tokens key commitments.
[11688:11028:0918/192026.484:VERBOSE1:edge_e_drop_database.cc(700)] Init e_drop database init inner called
[11688:11028:0918/192026.484:VERBOSE1:edge_e_drop_database.cc(703)] Init EDrop database init db_path:C:\WebView2Sample\WebView2Samples\GettingStartedGuides\Win32_GettingStarted\Debug\WebView2GettingStarted.exe.WebView2\EBWebView\Default\EdgeEDrop\EdgeEDropSQLite.db
[11688:4420:0918/192026.488:VERBOSE1:sqlite_data_repository_e_drop.cc(317)] InitTaskDone EDrop database init success: 1, result:1
[11688:4420:0918/192026.488:VERBOSE1:sqlite_data_repository_e_drop.cc(306)] FlushTasks called
[11688:4420:0918/192036.941:ERROR:network_service_instance_impl.cc(626)] Network service crashed, restarting service.
[11688:4420:0918/192036.947:VERBOSE1:embedded_browser_impl.cc(3840)] Child Process Killed
[11688:4420:0918/192036.947:VERBOSE1:embedded_browser_impl.cc(3825)] [Browser Side: Process Disconnected] pid: 12392, type: kUtilityProcess
[11688:4420:0918/192036.947:VERBOSE1:embedded_browser_proxy_url_loader_factory.cc(417)] EmbeddedBrowserProxyURLLoaderFactory::MaybeProxyURLLoaderFactory: created proxy: 0000399C001E0200, type: 2
[11688:4420:0918/192036.972:VERBOSE1:embedded_browser_impl.cc(3815)] [Browser Side: New Process Found] pid: 13124, type: kUtilityProcess
[11688:4420:0918/192037.022:VERBOSE1:edge_share_features.cc(37)] IsEdgeShareEnabled returning 1
